running egg_info
writing ../../build/fix_motor_control/fix_motor_control.egg-info/PKG-INFO
writing dependency_links to ../../build/fix_motor_control/fix_motor_control.egg-info/dependency_links.txt
writing entry points to ../../build/fix_motor_control/fix_motor_control.egg-info/entry_points.txt
writing requirements to ../../build/fix_motor_control/fix_motor_control.egg-info/requires.txt
writing top-level names to ../../build/fix_motor_control/fix_motor_control.egg-info/top_level.txt
reading manifest file '../../build/fix_motor_control/fix_motor_control.egg-info/SOURCES.txt'
adding license file 'LICENSE'
writing manifest file '../../build/fix_motor_control/fix_motor_control.egg-info/SOURCES.txt'
running build
running build_py
running install
running install_lib
running install_data
copying urdf/sdp_bot.urdf -> /home/leonciao/Desktop/sdp_bot/install/fix_motor_control/share/fix_motor_control/urdf
running install_egg_info
removing '/home/leonciao/Desktop/sdp_bot/install/fix_motor_control/lib/python3.12/site-packages/fix_motor_control-0.0.0-py3.12.egg-info' (and everything under it)
Copying ../../build/fix_motor_control/fix_motor_control.egg-info to /home/leonciao/Desktop/sdp_bot/install/fix_motor_control/lib/python3.12/site-packages/fix_motor_control-0.0.0-py3.12.egg-info
running install_scripts
Installing fix_motor_control script to /home/leonciao/Desktop/sdp_bot/install/fix_motor_control/lib/fix_motor_control
writing list of installed files to '/home/leonciao/Desktop/sdp_bot/build/fix_motor_control/install.log'
