[1.660s] Invoking command in '/home/leonciao/Desktop/sdp_bot/src/sdp_bot': DEBUGINFOD_URLS=https://debuginfod.ubuntu.com PYTHONPATH=/home/leonciao/Desktop/sdp_bot/build/sdp_bot/prefix_override:/usr/lib/python3/dist-packages/colcon_core/task/python/colcon_distutils_commands:/home/leonciao/Desktop/sdp_bot/install/sdp_bot/lib/python3.12/site-packages:${PYTHONPATH} /usr/bin/python3 -W ignore:setup.py install is deprecated -W ignore:easy_install command is deprecated setup.py egg_info --egg-base ../../build/sdp_bot build --build-base /home/leonciao/Desktop/sdp_bot/build/sdp_bot/build install --record /home/leonciao/Desktop/sdp_bot/build/sdp_bot/install.log --single-version-externally-managed install_data
[2.044s] running egg_info
[2.076s] writing ../../build/sdp_bot/sdp_bot.egg-info/PKG-INFO
[2.076s] writing dependency_links to ../../build/sdp_bot/sdp_bot.egg-info/dependency_links.txt
[2.077s] writing entry points to ../../build/sdp_bot/sdp_bot.egg-info/entry_points.txt
[2.077s] writing top-level names to ../../build/sdp_bot/sdp_bot.egg-info/top_level.txt
[2.142s] reading manifest file '../../build/sdp_bot/sdp_bot.egg-info/SOURCES.txt'
[2.142s] adding license file 'LICENSE'
[2.143s] writing manifest file '../../build/sdp_bot/sdp_bot.egg-info/SOURCES.txt'
[2.144s] running build
[2.144s] running build_py
[2.144s] running install
[2.154s] running install_lib
[2.186s] running install_data
[2.187s] copying launch/imu_lidar_test_v2.launch.py -> /home/leonciao/Desktop/sdp_bot/install/sdp_bot/share/sdp_bot/launch
[2.187s] running install_egg_info
[2.222s] removing '/home/leonciao/Desktop/sdp_bot/install/sdp_bot/lib/python3.12/site-packages/sdp_bot-0.0.0-py3.12.egg-info' (and everything under it)
[2.223s] Copying ../../build/sdp_bot/sdp_bot.egg-info to /home/leonciao/Desktop/sdp_bot/install/sdp_bot/lib/python3.12/site-packages/sdp_bot-0.0.0-py3.12.egg-info
[2.224s] running install_scripts
[2.420s] Installing bno055 script to /home/leonciao/Desktop/sdp_bot/install/sdp_bot/lib/sdp_bot
[2.421s] Installing control script to /home/leonciao/Desktop/sdp_bot/install/sdp_bot/lib/sdp_bot
[2.422s] Installing imu_tf_broadcaster script to /home/leonciao/Desktop/sdp_bot/install/sdp_bot/lib/sdp_bot
[2.422s] writing list of installed files to '/home/leonciao/Desktop/sdp_bot/build/sdp_bot/install.log'
[2.477s] Invoked command in '/home/leonciao/Desktop/sdp_bot/src/sdp_bot' returned '0': DEBUGINFOD_URLS=https://debuginfod.ubuntu.com PYTHONPATH=/home/leonciao/Desktop/sdp_bot/build/sdp_bot/prefix_override:/usr/lib/python3/dist-packages/colcon_core/task/python/colcon_distutils_commands:/home/leonciao/Desktop/sdp_bot/install/sdp_bot/lib/python3.12/site-packages:${PYTHONPATH} /usr/bin/python3 -W ignore:setup.py install is deprecated -W ignore:easy_install command is deprecated setup.py egg_info --egg-base ../../build/sdp_bot build --build-base /home/leonciao/Desktop/sdp_bot/build/sdp_bot/build install --record /home/leonciao/Desktop/sdp_bot/build/sdp_bot/install.log --single-version-externally-managed install_data
