/home/leonciao/Desktop/sdp_bot/install/sdp_bot/lib/python3.12/site-packages/sdp_bot/bno055.py
/home/leonciao/Desktop/sdp_bot/install/sdp_bot/lib/python3.12/site-packages/sdp_bot/control.py
/home/leonciao/Desktop/sdp_bot/install/sdp_bot/lib/python3.12/site-packages/sdp_bot/imu_transform.py
/home/leonciao/Desktop/sdp_bot/install/sdp_bot/lib/python3.12/site-packages/sdp_bot/__init__.py
/home/leonciao/Desktop/sdp_bot/install/sdp_bot/lib/python3.12/site-packages/sdp_bot/__pycache__/bno055.cpython-312.pyc
/home/leonciao/Desktop/sdp_bot/install/sdp_bot/lib/python3.12/site-packages/sdp_bot/__pycache__/control.cpython-312.pyc
/home/leonciao/Desktop/sdp_bot/install/sdp_bot/lib/python3.12/site-packages/sdp_bot/__pycache__/imu_transform.cpython-312.pyc
/home/leonciao/Desktop/sdp_bot/install/sdp_bot/lib/python3.12/site-packages/sdp_bot/__pycache__/__init__.cpython-312.pyc
/home/leonciao/Desktop/sdp_bot/install/sdp_bot/share/ament_index/resource_index/packages/sdp_bot
/home/leonciao/Desktop/sdp_bot/install/sdp_bot/share/sdp_bot/package.xml
/home/leonciao/Desktop/sdp_bot/install/sdp_bot/share/sdp_bot/launch/display.launch.py
/home/leonciao/Desktop/sdp_bot/install/sdp_bot/share/sdp_bot/launch/ekf.launch.py
/home/leonciao/Desktop/sdp_bot/install/sdp_bot/share/sdp_bot/launch/sdp.launch.py
/home/leonciao/Desktop/sdp_bot/install/sdp_bot/share/sdp_bot/rviz/config.rviz
/home/leonciao/Desktop/sdp_bot/install/sdp_bot/share/sdp_bot/urdf/all_bot.urdf
/home/leonciao/Desktop/sdp_bot/install/sdp_bot/share/sdp_bot/urdf/all_bot.sdf
/home/leonciao/Desktop/sdp_bot/install/sdp_bot/share/sdp_bot/world/my_world.sdf
/home/leonciao/Desktop/sdp_bot/install/sdp_bot/share/sdp_bot/config/ekf.yaml
/home/leonciao/Desktop/sdp_bot/install/sdp_bot/share/sdp_bot/config/bridge_config.yaml
/home/leonciao/Desktop/sdp_bot/install/sdp_bot/share/sdp_bot/config/nav2_params.yaml
/home/leonciao/Desktop/sdp_bot/install/sdp_bot/lib/python3.12/site-packages/sdp_bot-0.0.0-py3.12.egg-info/dependency_links.txt
/home/leonciao/Desktop/sdp_bot/install/sdp_bot/lib/python3.12/site-packages/sdp_bot-0.0.0-py3.12.egg-info/PKG-INFO
/home/leonciao/Desktop/sdp_bot/install/sdp_bot/lib/python3.12/site-packages/sdp_bot-0.0.0-py3.12.egg-info/top_level.txt
/home/leonciao/Desktop/sdp_bot/install/sdp_bot/lib/python3.12/site-packages/sdp_bot-0.0.0-py3.12.egg-info/SOURCES.txt
/home/leonciao/Desktop/sdp_bot/install/sdp_bot/lib/python3.12/site-packages/sdp_bot-0.0.0-py3.12.egg-info/entry_points.txt
/home/leonciao/Desktop/sdp_bot/install/sdp_bot/lib/python3.12/site-packages/sdp_bot-0.0.0-py3.12.egg-info/zip-safe
/home/leonciao/Desktop/sdp_bot/install/sdp_bot/lib/sdp_bot/bno055
/home/leonciao/Desktop/sdp_bot/install/sdp_bot/lib/sdp_bot/control
