[2.425s] Invoking command in '/home/leonciao/Desktop/sdp_bot/src/sdp_bot': DEBUGINFOD_URLS=https://debuginfod.ubuntu.com PYTHONPATH=/home/leonciao/Desktop/sdp_bot/build/sdp_bot/prefix_override:/usr/lib/python3/dist-packages/colcon_core/task/python/colcon_distutils_commands:/home/leonciao/Desktop/sdp_bot/install/sdp_bot/lib/python3.12/site-packages:${PYTHONPATH} /usr/bin/python3 -W ignore:setup.py install is deprecated -W ignore:easy_install command is deprecated setup.py egg_info --egg-base ../../build/sdp_bot build --build-base /home/leonciao/Desktop/sdp_bot/build/sdp_bot/build install --record /home/leonciao/Desktop/sdp_bot/build/sdp_bot/install.log --single-version-externally-managed install_data
[3.014s] running egg_info
[3.061s] writing ../../build/sdp_bot/sdp_bot.egg-info/PKG-INFO
[3.062s] writing dependency_links to ../../build/sdp_bot/sdp_bot.egg-info/dependency_links.txt
[3.063s] writing entry points to ../../build/sdp_bot/sdp_bot.egg-info/entry_points.txt
[3.063s] writing top-level names to ../../build/sdp_bot/sdp_bot.egg-info/top_level.txt
[3.160s] reading manifest file '../../build/sdp_bot/sdp_bot.egg-info/SOURCES.txt'
[3.162s] adding license file 'LICENSE'
[3.163s] writing manifest file '../../build/sdp_bot/sdp_bot.egg-info/SOURCES.txt'
[3.163s] running build
[3.164s] running build_py
[3.164s] copying sdp_bot/control.py -> /home/leonciao/Desktop/sdp_bot/build/sdp_bot/build/lib/sdp_bot
[3.165s] running install
[3.179s] running install_lib
[3.227s] copying /home/leonciao/Desktop/sdp_bot/build/sdp_bot/build/lib/sdp_bot/control.py -> /home/leonciao/Desktop/sdp_bot/install/sdp_bot/lib/python3.12/site-packages/sdp_bot
[3.228s] byte-compiling /home/leonciao/Desktop/sdp_bot/install/sdp_bot/lib/python3.12/site-packages/sdp_bot/control.py to control.cpython-312.pyc
[3.233s] running install_data
[3.233s] copying package.xml -> /home/leonciao/Desktop/sdp_bot/install/sdp_bot/share/sdp_bot
[3.234s] copying launch/display_v3.launch.py -> /home/leonciao/Desktop/sdp_bot/install/sdp_bot/share/sdp_bot/launch
[3.235s] copying launch/display_v4.launch.py -> /home/leonciao/Desktop/sdp_bot/install/sdp_bot/share/sdp_bot/launch
[3.236s] copying launch/display_v5.launch.py -> /home/leonciao/Desktop/sdp_bot/install/sdp_bot/share/sdp_bot/launch
[3.237s] copying config/ekf.yaml -> /home/leonciao/Desktop/sdp_bot/install/sdp_bot/share/sdp_bot/config
[3.238s] running install_egg_info
[3.288s] removing '/home/leonciao/Desktop/sdp_bot/install/sdp_bot/lib/python3.12/site-packages/sdp_bot-0.0.0-py3.12.egg-info' (and everything under it)
[3.288s] Copying ../../build/sdp_bot/sdp_bot.egg-info to /home/leonciao/Desktop/sdp_bot/install/sdp_bot/lib/python3.12/site-packages/sdp_bot-0.0.0-py3.12.egg-info
[3.290s] running install_scripts
[3.596s] Installing bno055 script to /home/leonciao/Desktop/sdp_bot/install/sdp_bot/lib/sdp_bot
[3.596s] Installing control script to /home/leonciao/Desktop/sdp_bot/install/sdp_bot/lib/sdp_bot
[3.597s] Installing imu_tf_broadcaster script to /home/leonciao/Desktop/sdp_bot/install/sdp_bot/lib/sdp_bot
[3.597s] writing list of installed files to '/home/leonciao/Desktop/sdp_bot/build/sdp_bot/install.log'
[3.651s] Invoked command in '/home/leonciao/Desktop/sdp_bot/src/sdp_bot' returned '0': DEBUGINFOD_URLS=https://debuginfod.ubuntu.com PYTHONPATH=/home/leonciao/Desktop/sdp_bot/build/sdp_bot/prefix_override:/usr/lib/python3/dist-packages/colcon_core/task/python/colcon_distutils_commands:/home/leonciao/Desktop/sdp_bot/install/sdp_bot/lib/python3.12/site-packages:${PYTHONPATH} /usr/bin/python3 -W ignore:setup.py install is deprecated -W ignore:easy_install command is deprecated setup.py egg_info --egg-base ../../build/sdp_bot build --build-base /home/leonciao/Desktop/sdp_bot/build/sdp_bot/build install --record /home/leonciao/Desktop/sdp_bot/build/sdp_bot/install.log --single-version-externally-managed install_data
