[0.212s] DEBUG:colcon:Command line arguments: ['/usr/bin/colcon', 'build']
[0.212s] DEBUG:colcon:Parsed command line arguments: Namespace(log_base=None, log_level=None, verb_name='build', build_base='build', install_base='install', merge_install=False, symlink_install=False, test_result_base=None, continue_on_error=False, executor='parallel', parallel_workers=8, event_handlers=None, ignore_user_meta=False, metas=['./colcon.meta'], base_paths=['.'], packages_ignore=None, packages_ignore_regex=None, paths=None, packages_up_to=None, packages_up_to_regex=None, packages_above=None, packages_above_and_dependencies=None, packages_above_depth=None, packages_select_by_dep=None, packages_skip_by_dep=None, packages_skip_up_to=None, packages_select_build_failed=False, packages_skip_build_finished=False, packages_select_test_failures=False, packages_skip_test_passed=False, packages_select=None, packages_skip=None, packages_select_regex=None, packages_skip_regex=None, packages_start=None, packages_end=None, allow_overriding=[], cmake_args=None, cmake_target=None, cmake_target_skip_unavailable=False, cmake_clean_cache=False, cmake_clean_first=False, cmake_force_configure=False, ament_cmake_args=None, catkin_cmake_args=None, catkin_skip_building_tests=False, mixin_files=None, mixin=None, verb_parser=<colcon_mixin.mixin.mixin_argument.MixinArgumentDecorator object at 0x784af3968e00>, verb_extension=<colcon_core.verb.build.BuildVerb object at 0x784af3968b30>, main=<bound method BuildVerb.main of <colcon_core.verb.build.BuildVerb object at 0x784af3968b30>>, mixin_verb=('build',))
[0.289s] Level 1:colcon.colcon_core.package_discovery:discover_packages(colcon_meta) check parameters
[0.289s] Level 1:colcon.colcon_core.package_discovery:discover_packages(recursive) check parameters
[0.289s] Level 1:colcon.colcon_core.package_discovery:discover_packages(ignore) check parameters
[0.290s] Level 1:colcon.colcon_core.package_discovery:discover_packages(path) check parameters
[0.290s] Level 1:colcon.colcon_core.package_discovery:discover_packages(colcon_meta) discover
[0.290s] Level 1:colcon.colcon_core.package_discovery:discover_packages(recursive) discover
[0.290s] INFO:colcon.colcon_core.package_discovery:Crawling recursively for packages in '/home/leonciao/Desktop/sdp_bot'
[0.290s] Level 1:colcon.colcon_core.package_identification:_identify(.) by extensions ['ignore', 'ignore_ament_install']
[0.290s] Level 1:colcon.colcon_core.package_identification:_identify(.) by extension 'ignore'
[0.290s] Level 1:colcon.colcon_core.package_identification:_identify(.) by extension 'ignore_ament_install'
[0.290s] Level 1:colcon.colcon_core.package_identification:_identify(.) by extensions ['colcon_pkg']
[0.290s] Level 1:colcon.colcon_core.package_identification:_identify(.) by extension 'colcon_pkg'
[0.291s] Level 1:colcon.colcon_core.package_identification:_identify(.) by extensions ['colcon_meta']
[0.291s] Level 1:colcon.colcon_core.package_identification:_identify(.) by extension 'colcon_meta'
[0.291s] Level 1:colcon.colcon_core.package_identification:_identify(.) by extensions ['ros']
[0.291s] Level 1:colcon.colcon_core.package_identification:_identify(.) by extension 'ros'
[0.338s] Level 1:colcon.colcon_core.package_identification:_identify(.) by extensions ['cmake', 'python']
[0.339s] Level 1:colcon.colcon_core.package_identification:_identify(.) by extension 'cmake'
[0.339s] Level 1:colcon.colcon_core.package_identification:_identify(.) by extension 'python'
[0.339s] Level 1:colcon.colcon_core.package_identification:_identify(.) by extensions ['python_setup_py']
[0.339s] Level 1:colcon.colcon_core.package_identification:_identify(.) by extension 'python_setup_py'
[0.339s] Level 1:colcon.colcon_core.package_identification:_identify(build) by extensions ['ignore', 'ignore_ament_install']
[0.339s] Level 1:colcon.colcon_core.package_identification:_identify(build) by extension 'ignore'
[0.339s] Level 1:colcon.colcon_core.package_identification:_identify(build) ignored
[0.339s] Level 1:colcon.colcon_core.package_identification:_identify(install) by extensions ['ignore', 'ignore_ament_install']
[0.340s] Level 1:colcon.colcon_core.package_identification:_identify(install) by extension 'ignore'
[0.340s] Level 1:colcon.colcon_core.package_identification:_identify(install) ignored
[0.340s] Level 1:colcon.colcon_core.package_identification:_identify(log) by extensions ['ignore', 'ignore_ament_install']
[0.340s] Level 1:colcon.colcon_core.package_identification:_identify(log) by extension 'ignore'
[0.340s] Level 1:colcon.colcon_core.package_identification:_identify(log) ignored
[0.340s] Level 1:colcon.colcon_core.package_identification:_identify(src) by extensions ['ignore', 'ignore_ament_install']
[0.341s] Level 1:colcon.colcon_core.package_identification:_identify(src) by extension 'ignore'
[0.341s] Level 1:colcon.colcon_core.package_identification:_identify(src) by extension 'ignore_ament_install'
[0.341s] Level 1:colcon.colcon_core.package_identification:_identify(src) by extensions ['colcon_pkg']
[0.341s] Level 1:colcon.colcon_core.package_identification:_identify(src) by extension 'colcon_pkg'
[0.341s] Level 1:colcon.colcon_core.package_identification:_identify(src) by extensions ['colcon_meta']
[0.341s] Level 1:colcon.colcon_core.package_identification:_identify(src) by extension 'colcon_meta'
[0.341s] Level 1:colcon.colcon_core.package_identification:_identify(src) by extensions ['ros']
[0.341s] Level 1:colcon.colcon_core.package_identification:_identify(src) by extension 'ros'
[0.341s] Level 1:colcon.colcon_core.package_identification:_identify(src) by extensions ['cmake', 'python']
[0.341s] Level 1:colcon.colcon_core.package_identification:_identify(src) by extension 'cmake'
[0.341s] Level 1:colcon.colcon_core.package_identification:_identify(src) by extension 'python'
[0.342s] Level 1:colcon.colcon_core.package_identification:_identify(src) by extensions ['python_setup_py']
[0.342s] Level 1:colcon.colcon_core.package_identification:_identify(src) by extension 'python_setup_py'
[0.342s] Level 1:colcon.colcon_core.package_identification:_identify(src/fix_motor_control) by extensions ['ignore', 'ignore_ament_install']
[0.342s] Level 1:colcon.colcon_core.package_identification:_identify(src/fix_motor_control) by extension 'ignore'
[0.342s] Level 1:colcon.colcon_core.package_identification:_identify(src/fix_motor_control) by extension 'ignore_ament_install'
[0.342s] Level 1:colcon.colcon_core.package_identification:_identify(src/fix_motor_control) by extensions ['colcon_pkg']
[0.342s] Level 1:colcon.colcon_core.package_identification:_identify(src/fix_motor_control) by extension 'colcon_pkg'
[0.342s] Level 1:colcon.colcon_core.package_identification:_identify(src/fix_motor_control) by extensions ['colcon_meta']
[0.342s] Level 1:colcon.colcon_core.package_identification:_identify(src/fix_motor_control) by extension 'colcon_meta'
[0.342s] Level 1:colcon.colcon_core.package_identification:_identify(src/fix_motor_control) by extensions ['ros']
[0.343s] Level 1:colcon.colcon_core.package_identification:_identify(src/fix_motor_control) by extension 'ros'
[0.347s] DEBUG:colcon.colcon_core.package_identification:Package 'src/fix_motor_control' with type 'ros.ament_python' and name 'fix_motor_control'
[0.347s] Level 1:colcon.colcon_core.package_identification:_identify(src/sdp_bot) by extensions ['ignore', 'ignore_ament_install']
[0.347s] Level 1:colcon.colcon_core.package_identification:_identify(src/sdp_bot) by extension 'ignore'
[0.348s] Level 1:colcon.colcon_core.package_identification:_identify(src/sdp_bot) by extension 'ignore_ament_install'
[0.348s] Level 1:colcon.colcon_core.package_identification:_identify(src/sdp_bot) by extensions ['colcon_pkg']
[0.348s] Level 1:colcon.colcon_core.package_identification:_identify(src/sdp_bot) by extension 'colcon_pkg'
[0.348s] Level 1:colcon.colcon_core.package_identification:_identify(src/sdp_bot) by extensions ['colcon_meta']
[0.348s] Level 1:colcon.colcon_core.package_identification:_identify(src/sdp_bot) by extension 'colcon_meta'
[0.348s] Level 1:colcon.colcon_core.package_identification:_identify(src/sdp_bot) by extensions ['ros']
[0.348s] Level 1:colcon.colcon_core.package_identification:_identify(src/sdp_bot) by extension 'ros'
[0.350s] DEBUG:colcon.colcon_core.package_identification:Package 'src/sdp_bot' with type 'ros.ament_python' and name 'sdp_bot'
[0.350s] Level 1:colcon.colcon_core.package_discovery:discover_packages(recursive) using defaults
[0.350s] Level 1:colcon.colcon_core.package_discovery:discover_packages(ignore) discover
[0.350s] Level 1:colcon.colcon_core.package_discovery:discover_packages(ignore) using defaults
[0.350s] Level 1:colcon.colcon_core.package_discovery:discover_packages(path) discover
[0.350s] Level 1:colcon.colcon_core.package_discovery:discover_packages(path) using defaults
[0.383s] Level 1:colcon.colcon_core.package_discovery:discover_packages(prefix_path) check parameters
[0.383s] Level 1:colcon.colcon_core.package_discovery:discover_packages(prefix_path) discover
[0.386s] DEBUG:colcon.colcon_installed_package_information.package_discovery:Found 2 installed packages in /home/leonciao/Desktop/sdp_bot/install
[0.390s] DEBUG:colcon.colcon_installed_package_information.package_discovery:Found 440 installed packages in /opt/ros/jazzy
[0.393s] Level 1:colcon.colcon_core.package_discovery:discover_packages(prefix_path) using defaults
[0.515s] Level 5:colcon.colcon_core.verb:set package 'fix_motor_control' build argument 'cmake_args' from command line to 'None'
[0.516s] Level 5:colcon.colcon_core.verb:set package 'fix_motor_control' build argument 'cmake_target' from command line to 'None'
[0.516s] Level 5:colcon.colcon_core.verb:set package 'fix_motor_control' build argument 'cmake_target_skip_unavailable' from command line to 'False'
[0.516s] Level 5:colcon.colcon_core.verb:set package 'fix_motor_control' build argument 'cmake_clean_cache' from command line to 'False'
[0.516s] Level 5:colcon.colcon_core.verb:set package 'fix_motor_control' build argument 'cmake_clean_first' from command line to 'False'
[0.516s] Level 5:colcon.colcon_core.verb:set package 'fix_motor_control' build argument 'cmake_force_configure' from command line to 'False'
[0.516s] Level 5:colcon.colcon_core.verb:set package 'fix_motor_control' build argument 'ament_cmake_args' from command line to 'None'
[0.516s] Level 5:colcon.colcon_core.verb:set package 'fix_motor_control' build argument 'catkin_cmake_args' from command line to 'None'
[0.516s] Level 5:colcon.colcon_core.verb:set package 'fix_motor_control' build argument 'catkin_skip_building_tests' from command line to 'False'
[0.516s] DEBUG:colcon.colcon_core.verb:Building package 'fix_motor_control' with the following arguments: {'ament_cmake_args': None, 'build_base': '/home/leonciao/Desktop/sdp_bot/build/fix_motor_control', 'catkin_cmake_args': None, 'catkin_skip_building_tests': False, 'cmake_args': None, 'cmake_clean_cache': False, 'cmake_clean_first': False, 'cmake_force_configure': False, 'cmake_target': None, 'cmake_target_skip_unavailable': False, 'install_base': '/home/leonciao/Desktop/sdp_bot/install/fix_motor_control', 'merge_install': False, 'path': '/home/leonciao/Desktop/sdp_bot/src/fix_motor_control', 'symlink_install': False, 'test_result_base': None}
[0.516s] Level 5:colcon.colcon_core.verb:set package 'sdp_bot' build argument 'cmake_args' from command line to 'None'
[0.517s] Level 5:colcon.colcon_core.verb:set package 'sdp_bot' build argument 'cmake_target' from command line to 'None'
[0.517s] Level 5:colcon.colcon_core.verb:set package 'sdp_bot' build argument 'cmake_target_skip_unavailable' from command line to 'False'
[0.517s] Level 5:colcon.colcon_core.verb:set package 'sdp_bot' build argument 'cmake_clean_cache' from command line to 'False'
[0.517s] Level 5:colcon.colcon_core.verb:set package 'sdp_bot' build argument 'cmake_clean_first' from command line to 'False'
[0.517s] Level 5:colcon.colcon_core.verb:set package 'sdp_bot' build argument 'cmake_force_configure' from command line to 'False'
[0.517s] Level 5:colcon.colcon_core.verb:set package 'sdp_bot' build argument 'ament_cmake_args' from command line to 'None'
[0.517s] Level 5:colcon.colcon_core.verb:set package 'sdp_bot' build argument 'catkin_cmake_args' from command line to 'None'
[0.517s] Level 5:colcon.colcon_core.verb:set package 'sdp_bot' build argument 'catkin_skip_building_tests' from command line to 'False'
[0.517s] DEBUG:colcon.colcon_core.verb:Building package 'sdp_bot' with the following arguments: {'ament_cmake_args': None, 'build_base': '/home/leonciao/Desktop/sdp_bot/build/sdp_bot', 'catkin_cmake_args': None, 'catkin_skip_building_tests': False, 'cmake_args': None, 'cmake_clean_cache': False, 'cmake_clean_first': False, 'cmake_force_configure': False, 'cmake_target': None, 'cmake_target_skip_unavailable': False, 'install_base': '/home/leonciao/Desktop/sdp_bot/install/sdp_bot', 'merge_install': False, 'path': '/home/leonciao/Desktop/sdp_bot/src/sdp_bot', 'symlink_install': False, 'test_result_base': None}
[0.517s] INFO:colcon.colcon_core.executor:Executing jobs using 'parallel' executor
[0.518s] DEBUG:colcon.colcon_parallel_executor.executor.parallel:run_until_complete
[0.519s] INFO:colcon.colcon_ros.task.ament_python.build:Building ROS package in '/home/leonciao/Desktop/sdp_bot/src/fix_motor_control' with build type 'ament_python'
[0.519s] Level 1:colcon.colcon_core.shell:create_environment_hook('fix_motor_control', 'ament_prefix_path')
[0.524s] INFO:colcon.colcon_core.plugin_system:Skipping extension 'colcon_core.shell.bat': Not used on non-Windows systems
[0.524s] INFO:colcon.colcon_core.shell:Creating environment hook '/home/leonciao/Desktop/sdp_bot/install/fix_motor_control/share/fix_motor_control/hook/ament_prefix_path.ps1'
[0.525s] INFO:colcon.colcon_core.shell:Creating environment descriptor '/home/leonciao/Desktop/sdp_bot/install/fix_motor_control/share/fix_motor_control/hook/ament_prefix_path.dsv'
[0.526s] INFO:colcon.colcon_core.shell:Creating environment hook '/home/leonciao/Desktop/sdp_bot/install/fix_motor_control/share/fix_motor_control/hook/ament_prefix_path.sh'
[0.527s] INFO:colcon.colcon_core.shell:Skip shell extension 'powershell' for command environment: Not usable outside of PowerShell
[0.527s] DEBUG:colcon.colcon_core.shell:Skip shell extension 'dsv' for command environment
[0.534s] INFO:colcon.colcon_ros.task.ament_python.build:Building ROS package in '/home/leonciao/Desktop/sdp_bot/src/sdp_bot' with build type 'ament_python'
[0.534s] Level 1:colcon.colcon_core.shell:create_environment_hook('sdp_bot', 'ament_prefix_path')
[0.534s] INFO:colcon.colcon_core.shell:Creating environment hook '/home/leonciao/Desktop/sdp_bot/install/sdp_bot/share/sdp_bot/hook/ament_prefix_path.ps1'
[0.536s] INFO:colcon.colcon_core.shell:Creating environment descriptor '/home/leonciao/Desktop/sdp_bot/install/sdp_bot/share/sdp_bot/hook/ament_prefix_path.dsv'
[0.536s] INFO:colcon.colcon_core.shell:Creating environment hook '/home/leonciao/Desktop/sdp_bot/install/sdp_bot/share/sdp_bot/hook/ament_prefix_path.sh'
[0.537s] INFO:colcon.colcon_core.shell:Skip shell extension 'powershell' for command environment: Not usable outside of PowerShell
[0.537s] DEBUG:colcon.colcon_core.shell:Skip shell extension 'dsv' for command environment
[0.986s] INFO:colcon.colcon_core.task.python.build:Building Python package in '/home/leonciao/Desktop/sdp_bot/src/fix_motor_control'
[0.986s] INFO:colcon.colcon_core.shell:Skip shell extension 'powershell' for command environment: Not usable outside of PowerShell
[0.986s] DEBUG:colcon.colcon_core.shell:Skip shell extension 'dsv' for command environment
[1.439s] INFO:colcon.colcon_core.task.python.build:Building Python package in '/home/leonciao/Desktop/sdp_bot/src/sdp_bot'
[1.439s] INFO:colcon.colcon_core.shell:Skip shell extension 'powershell' for command environment: Not usable outside of PowerShell
[1.439s] DEBUG:colcon.colcon_core.shell:Skip shell extension 'dsv' for command environment
[2.730s] DEBUG:colcon.colcon_core.event_handler.log_command:Invoking command in '/home/leonciao/Desktop/sdp_bot/src/sdp_bot': DEBUGINFOD_URLS=https://debuginfod.ubuntu.com PYTHONPATH=/home/leonciao/Desktop/sdp_bot/build/sdp_bot/prefix_override:/usr/lib/python3/dist-packages/colcon_core/task/python/colcon_distutils_commands:/home/leonciao/Desktop/sdp_bot/install/sdp_bot/lib/python3.12/site-packages:${PYTHONPATH} /usr/bin/python3 -W ignore:setup.py install is deprecated -W ignore:easy_install command is deprecated setup.py egg_info --egg-base ../../build/sdp_bot build --build-base /home/leonciao/Desktop/sdp_bot/build/sdp_bot/build install --record /home/leonciao/Desktop/sdp_bot/build/sdp_bot/install.log --single-version-externally-managed install_data
[2.745s] DEBUG:colcon.colcon_core.event_handler.log_command:Invoking command in '/home/leonciao/Desktop/sdp_bot/src/fix_motor_control': DEBUGINFOD_URLS=https://debuginfod.ubuntu.com PYTHONPATH=/home/leonciao/Desktop/sdp_bot/build/fix_motor_control/prefix_override:/usr/lib/python3/dist-packages/colcon_core/task/python/colcon_distutils_commands:/home/leonciao/Desktop/sdp_bot/install/fix_motor_control/lib/python3.12/site-packages:${PYTHONPATH} /usr/bin/python3 -W ignore:setup.py install is deprecated -W ignore:easy_install command is deprecated setup.py egg_info --egg-base ../../build/fix_motor_control build --build-base /home/leonciao/Desktop/sdp_bot/build/fix_motor_control/build install --record /home/leonciao/Desktop/sdp_bot/build/fix_motor_control/install.log --single-version-externally-managed install_data
[3.931s] DEBUG:colcon.colcon_core.event_handler.log_command:Invoked command in '/home/leonciao/Desktop/sdp_bot/src/sdp_bot' returned '0': DEBUGINFOD_URLS=https://debuginfod.ubuntu.com PYTHONPATH=/home/leonciao/Desktop/sdp_bot/build/sdp_bot/prefix_override:/usr/lib/python3/dist-packages/colcon_core/task/python/colcon_distutils_commands:/home/leonciao/Desktop/sdp_bot/install/sdp_bot/lib/python3.12/site-packages:${PYTHONPATH} /usr/bin/python3 -W ignore:setup.py install is deprecated -W ignore:easy_install command is deprecated setup.py egg_info --egg-base ../../build/sdp_bot build --build-base /home/leonciao/Desktop/sdp_bot/build/sdp_bot/build install --record /home/leonciao/Desktop/sdp_bot/build/sdp_bot/install.log --single-version-externally-managed install_data
[3.935s] Level 1:colcon.colcon_core.environment:checking '/home/leonciao/Desktop/sdp_bot/install/sdp_bot' for CMake module files
[3.936s] Level 1:colcon.colcon_core.environment:checking '/home/leonciao/Desktop/sdp_bot/install/sdp_bot' for CMake config files
[3.938s] Level 1:colcon.colcon_core.environment:checking '/home/leonciao/Desktop/sdp_bot/install/sdp_bot/lib'
[3.938s] Level 1:colcon.colcon_core.environment:checking '/home/leonciao/Desktop/sdp_bot/install/sdp_bot/bin'
[3.938s] Level 1:colcon.colcon_core.environment:checking '/home/leonciao/Desktop/sdp_bot/install/sdp_bot/lib/pkgconfig/sdp_bot.pc'
[3.939s] Level 1:colcon.colcon_core.environment:checking '/home/leonciao/Desktop/sdp_bot/install/sdp_bot/lib/python3.12/site-packages'
[3.939s] Level 1:colcon.colcon_core.shell:create_environment_hook('sdp_bot', 'pythonpath')
[3.939s] INFO:colcon.colcon_core.shell:Creating environment hook '/home/leonciao/Desktop/sdp_bot/install/sdp_bot/share/sdp_bot/hook/pythonpath.ps1'
[3.940s] INFO:colcon.colcon_core.shell:Creating environment descriptor '/home/leonciao/Desktop/sdp_bot/install/sdp_bot/share/sdp_bot/hook/pythonpath.dsv'
[3.941s] INFO:colcon.colcon_core.shell:Creating environment hook '/home/leonciao/Desktop/sdp_bot/install/sdp_bot/share/sdp_bot/hook/pythonpath.sh'
[3.942s] Level 1:colcon.colcon_core.environment:checking '/home/leonciao/Desktop/sdp_bot/install/sdp_bot/bin'
[3.942s] Level 1:colcon.colcon_core.environment:create_environment_scripts_only(sdp_bot)
[3.943s] INFO:colcon.colcon_core.shell:Creating package script '/home/leonciao/Desktop/sdp_bot/install/sdp_bot/share/sdp_bot/package.ps1'
[3.944s] INFO:colcon.colcon_core.shell:Creating package descriptor '/home/leonciao/Desktop/sdp_bot/install/sdp_bot/share/sdp_bot/package.dsv'
[3.945s] INFO:colcon.colcon_core.shell:Creating package script '/home/leonciao/Desktop/sdp_bot/install/sdp_bot/share/sdp_bot/package.sh'
[3.946s] INFO:colcon.colcon_core.shell:Creating package script '/home/leonciao/Desktop/sdp_bot/install/sdp_bot/share/sdp_bot/package.bash'
[3.947s] INFO:colcon.colcon_core.shell:Creating package script '/home/leonciao/Desktop/sdp_bot/install/sdp_bot/share/sdp_bot/package.zsh'
[3.948s] Level 1:colcon.colcon_core.environment:create_file_with_runtime_dependencies(/home/leonciao/Desktop/sdp_bot/install/sdp_bot/share/colcon-core/packages/sdp_bot)
[3.950s] Level 1:colcon.colcon_core.environment:checking '/home/leonciao/Desktop/sdp_bot/install/fix_motor_control' for CMake module files
[3.952s] Level 1:colcon.colcon_core.environment:checking '/home/leonciao/Desktop/sdp_bot/install/fix_motor_control' for CMake config files
[3.952s] DEBUG:colcon.colcon_core.event_handler.log_command:Invoked command in '/home/leonciao/Desktop/sdp_bot/src/fix_motor_control' returned '0': DEBUGINFOD_URLS=https://debuginfod.ubuntu.com PYTHONPATH=/home/leonciao/Desktop/sdp_bot/build/fix_motor_control/prefix_override:/usr/lib/python3/dist-packages/colcon_core/task/python/colcon_distutils_commands:/home/leonciao/Desktop/sdp_bot/install/fix_motor_control/lib/python3.12/site-packages:${PYTHONPATH} /usr/bin/python3 -W ignore:setup.py install is deprecated -W ignore:easy_install command is deprecated setup.py egg_info --egg-base ../../build/fix_motor_control build --build-base /home/leonciao/Desktop/sdp_bot/build/fix_motor_control/build install --record /home/leonciao/Desktop/sdp_bot/build/fix_motor_control/install.log --single-version-externally-managed install_data
[3.953s] Level 1:colcon.colcon_core.environment:checking '/home/leonciao/Desktop/sdp_bot/install/fix_motor_control/lib'
[3.953s] Level 1:colcon.colcon_core.environment:checking '/home/leonciao/Desktop/sdp_bot/install/fix_motor_control/bin'
[3.953s] Level 1:colcon.colcon_core.environment:checking '/home/leonciao/Desktop/sdp_bot/install/fix_motor_control/lib/pkgconfig/fix_motor_control.pc'
[3.954s] Level 1:colcon.colcon_core.environment:checking '/home/leonciao/Desktop/sdp_bot/install/fix_motor_control/lib/python3.12/site-packages'
[3.954s] Level 1:colcon.colcon_core.shell:create_environment_hook('fix_motor_control', 'pythonpath')
[3.954s] INFO:colcon.colcon_core.shell:Creating environment hook '/home/leonciao/Desktop/sdp_bot/install/fix_motor_control/share/fix_motor_control/hook/pythonpath.ps1'
[3.955s] INFO:colcon.colcon_core.shell:Creating environment descriptor '/home/leonciao/Desktop/sdp_bot/install/fix_motor_control/share/fix_motor_control/hook/pythonpath.dsv'
[3.956s] INFO:colcon.colcon_core.shell:Creating environment hook '/home/leonciao/Desktop/sdp_bot/install/fix_motor_control/share/fix_motor_control/hook/pythonpath.sh'
[3.957s] Level 1:colcon.colcon_core.environment:checking '/home/leonciao/Desktop/sdp_bot/install/fix_motor_control/bin'
[3.957s] Level 1:colcon.colcon_core.environment:create_environment_scripts_only(fix_motor_control)
[3.957s] INFO:colcon.colcon_core.shell:Creating package script '/home/leonciao/Desktop/sdp_bot/install/fix_motor_control/share/fix_motor_control/package.ps1'
[3.958s] INFO:colcon.colcon_core.shell:Creating package descriptor '/home/leonciao/Desktop/sdp_bot/install/fix_motor_control/share/fix_motor_control/package.dsv'
[3.959s] INFO:colcon.colcon_core.shell:Creating package script '/home/leonciao/Desktop/sdp_bot/install/fix_motor_control/share/fix_motor_control/package.sh'
[3.960s] INFO:colcon.colcon_core.shell:Creating package script '/home/leonciao/Desktop/sdp_bot/install/fix_motor_control/share/fix_motor_control/package.bash'
[3.961s] INFO:colcon.colcon_core.shell:Creating package script '/home/leonciao/Desktop/sdp_bot/install/fix_motor_control/share/fix_motor_control/package.zsh'
[3.962s] Level 1:colcon.colcon_core.environment:create_file_with_runtime_dependencies(/home/leonciao/Desktop/sdp_bot/install/fix_motor_control/share/colcon-core/packages/fix_motor_control)
[3.962s] DEBUG:colcon.colcon_parallel_executor.executor.parallel:closing loop
[3.963s] DEBUG:colcon.colcon_parallel_executor.executor.parallel:loop closed
[3.963s] DEBUG:colcon.colcon_parallel_executor.executor.parallel:run_until_complete finished with '0'
[3.963s] DEBUG:colcon.colcon_core.event_reactor:joining thread
[3.973s] INFO:colcon.colcon_core.plugin_system:Skipping extension 'colcon_notification.desktop_notification.terminal_notifier': Not used on non-Darwin systems
[3.973s] INFO:colcon.colcon_core.plugin_system:Skipping extension 'colcon_notification.desktop_notification.win32': Not used on non-Windows systems
[3.973s] INFO:colcon.colcon_notification.desktop_notification:Sending desktop notification using 'notify2'
[3.995s] DEBUG:colcon.colcon_core.event_reactor:joined thread
[3.995s] INFO:colcon.colcon_core.shell:Creating prefix script '/home/leonciao/Desktop/sdp_bot/install/local_setup.ps1'
[3.997s] INFO:colcon.colcon_core.shell:Creating prefix util module '/home/leonciao/Desktop/sdp_bot/install/_local_setup_util_ps1.py'
[3.999s] INFO:colcon.colcon_core.shell:Creating prefix chain script '/home/leonciao/Desktop/sdp_bot/install/setup.ps1'
[4.001s] INFO:colcon.colcon_core.shell:Creating prefix script '/home/leonciao/Desktop/sdp_bot/install/local_setup.sh'
[4.002s] INFO:colcon.colcon_core.shell:Creating prefix util module '/home/leonciao/Desktop/sdp_bot/install/_local_setup_util_sh.py'
[4.004s] INFO:colcon.colcon_core.shell:Creating prefix chain script '/home/leonciao/Desktop/sdp_bot/install/setup.sh'
[4.006s] INFO:colcon.colcon_core.shell:Creating prefix script '/home/leonciao/Desktop/sdp_bot/install/local_setup.bash'
[4.007s] INFO:colcon.colcon_core.shell:Creating prefix chain script '/home/leonciao/Desktop/sdp_bot/install/setup.bash'
[4.008s] INFO:colcon.colcon_core.shell:Creating prefix script '/home/leonciao/Desktop/sdp_bot/install/local_setup.zsh'
[4.009s] INFO:colcon.colcon_core.shell:Creating prefix chain script '/home/leonciao/Desktop/sdp_bot/install/setup.zsh'
