[2.269s] Invoking command in '/home/leonciao/Desktop/sdp_bot/src/fix_motor_control': DEBUGINFOD_URLS=https://debuginfod.ubuntu.com PYTHONPATH=/home/leonciao/Desktop/sdp_bot/build/fix_motor_control/prefix_override:/usr/lib/python3/dist-packages/colcon_core/task/python/colcon_distutils_commands:/home/leonciao/Desktop/sdp_bot/install/fix_motor_control/lib/python3.12/site-packages:${PYTHONPATH} /usr/bin/python3 -W ignore:setup.py install is deprecated -W ignore:easy_install command is deprecated setup.py egg_info --egg-base ../../build/fix_motor_control build --build-base /home/leonciao/Desktop/sdp_bot/build/fix_motor_control/build install --record /home/leonciao/Desktop/sdp_bot/build/fix_motor_control/install.log --single-version-externally-managed install_data
[2.858s] running egg_info
[2.906s] writing ../../build/fix_motor_control/fix_motor_control.egg-info/PKG-INFO
[2.907s] writing dependency_links to ../../build/fix_motor_control/fix_motor_control.egg-info/dependency_links.txt
[2.907s] writing entry points to ../../build/fix_motor_control/fix_motor_control.egg-info/entry_points.txt
[2.907s] writing requirements to ../../build/fix_motor_control/fix_motor_control.egg-info/requires.txt
[2.908s] writing top-level names to ../../build/fix_motor_control/fix_motor_control.egg-info/top_level.txt
[3.007s] reading manifest file '../../build/fix_motor_control/fix_motor_control.egg-info/SOURCES.txt'
[3.008s] adding license file 'LICENSE'
[3.010s] writing manifest file '../../build/fix_motor_control/fix_motor_control.egg-info/SOURCES.txt'
[3.010s] running build
[3.010s] running build_py
[3.011s] running install
[3.025s] running install_lib
[3.073s] running install_data
[3.073s] running install_egg_info
[3.124s] removing '/home/leonciao/Desktop/sdp_bot/install/fix_motor_control/lib/python3.12/site-packages/fix_motor_control-0.0.0-py3.12.egg-info' (and everything under it)
[3.125s] Copying ../../build/fix_motor_control/fix_motor_control.egg-info to /home/leonciao/Desktop/sdp_bot/install/fix_motor_control/lib/python3.12/site-packages/fix_motor_control-0.0.0-py3.12.egg-info
[3.127s] running install_scripts
[3.429s] Installing fix_motor_control script to /home/leonciao/Desktop/sdp_bot/install/fix_motor_control/lib/fix_motor_control
[3.430s] writing list of installed files to '/home/leonciao/Desktop/sdp_bot/build/fix_motor_control/install.log'
[3.489s] Invoked command in '/home/leonciao/Desktop/sdp_bot/src/fix_motor_control' returned '0': DEBUGINFOD_URLS=https://debuginfod.ubuntu.com PYTHONPATH=/home/leonciao/Desktop/sdp_bot/build/fix_motor_control/prefix_override:/usr/lib/python3/dist-packages/colcon_core/task/python/colcon_distutils_commands:/home/leonciao/Desktop/sdp_bot/install/fix_motor_control/lib/python3.12/site-packages:${PYTHONPATH} /usr/bin/python3 -W ignore:setup.py install is deprecated -W ignore:easy_install command is deprecated setup.py egg_info --egg-base ../../build/fix_motor_control build --build-base /home/leonciao/Desktop/sdp_bot/build/fix_motor_control/build install --record /home/leonciao/Desktop/sdp_bot/build/fix_motor_control/install.log --single-version-externally-managed install_data
