[1.154s] Invoking command in '/home/leonciao/Desktop/sdp_bot/src/fix_motor_control': DEBUGINFOD_URLS=https://debuginfod.ubuntu.com PYTHONPATH=/home/leonciao/Desktop/sdp_bot/build/fix_motor_control/prefix_override:/usr/lib/python3/dist-packages/colcon_core/task/python/colcon_distutils_commands:/home/leonciao/Desktop/sdp_bot/install/fix_motor_control/lib/python3.12/site-packages:${PYTHONPATH} /usr/bin/python3 -W ignore:setup.py install is deprecated -W ignore:easy_install command is deprecated setup.py egg_info --egg-base ../../build/fix_motor_control build --build-base /home/leonciao/Desktop/sdp_bot/build/fix_motor_control/build install --record /home/leonciao/Desktop/sdp_bot/build/fix_motor_control/install.log --single-version-externally-managed install_data
[1.506s] running egg_info
[1.533s] writing ../../build/fix_motor_control/fix_motor_control.egg-info/PKG-INFO
[1.535s] writing dependency_links to ../../build/fix_motor_control/fix_motor_control.egg-info/dependency_links.txt
[1.536s] writing entry points to ../../build/fix_motor_control/fix_motor_control.egg-info/entry_points.txt
[1.537s] writing requirements to ../../build/fix_motor_control/fix_motor_control.egg-info/requires.txt
[1.537s] writing top-level names to ../../build/fix_motor_control/fix_motor_control.egg-info/top_level.txt
[1.599s] reading manifest file '../../build/fix_motor_control/fix_motor_control.egg-info/SOURCES.txt'
[1.599s] adding license file 'LICENSE'
[1.600s] writing manifest file '../../build/fix_motor_control/fix_motor_control.egg-info/SOURCES.txt'
[1.600s] running build
[1.600s] running build_py
[1.600s] running install
[1.609s] running install_lib
[1.637s] running install_data
[1.638s] running install_egg_info
[1.668s] removing '/home/leonciao/Desktop/sdp_bot/install/fix_motor_control/lib/python3.12/site-packages/fix_motor_control-0.0.0-py3.12.egg-info' (and everything under it)
[1.668s] Copying ../../build/fix_motor_control/fix_motor_control.egg-info to /home/leonciao/Desktop/sdp_bot/install/fix_motor_control/lib/python3.12/site-packages/fix_motor_control-0.0.0-py3.12.egg-info
[1.669s] running install_scripts
[1.843s] Installing fix_motor_control script to /home/leonciao/Desktop/sdp_bot/install/fix_motor_control/lib/fix_motor_control
[1.843s] writing list of installed files to '/home/leonciao/Desktop/sdp_bot/build/fix_motor_control/install.log'
[1.880s] Invoked command in '/home/leonciao/Desktop/sdp_bot/src/fix_motor_control' returned '0': DEBUGINFOD_URLS=https://debuginfod.ubuntu.com PYTHONPATH=/home/leonciao/Desktop/sdp_bot/build/fix_motor_control/prefix_override:/usr/lib/python3/dist-packages/colcon_core/task/python/colcon_distutils_commands:/home/leonciao/Desktop/sdp_bot/install/fix_motor_control/lib/python3.12/site-packages:${PYTHONPATH} /usr/bin/python3 -W ignore:setup.py install is deprecated -W ignore:easy_install command is deprecated setup.py egg_info --egg-base ../../build/fix_motor_control build --build-base /home/leonciao/Desktop/sdp_bot/build/fix_motor_control/build install --record /home/leonciao/Desktop/sdp_bot/build/fix_motor_control/install.log --single-version-externally-managed install_data
