[1.763s] Invoking command in '/home/leonciao/Desktop/sdp_bot/src/sdp_bot': DEBUGINFOD_URLS=https://debuginfod.ubuntu.com PYTHONPATH=/home/leonciao/Desktop/sdp_bot/build/sdp_bot/prefix_override:/usr/lib/python3/dist-packages/colcon_core/task/python/colcon_distutils_commands:/home/leonciao/Desktop/sdp_bot/install/sdp_bot/lib/python3.12/site-packages:${PYTHONPATH} /usr/bin/python3 -W ignore:setup.py install is deprecated -W ignore:easy_install command is deprecated setup.py egg_info --egg-base ../../build/sdp_bot build --build-base /home/leonciao/Desktop/sdp_bot/build/sdp_bot/build install --record /home/leonciao/Desktop/sdp_bot/build/sdp_bot/install.log --single-version-externally-managed install_data
[2.343s] running egg_info
[2.344s] creating ../../build/sdp_bot/sdp_bot.egg-info
[2.389s] writing ../../build/sdp_bot/sdp_bot.egg-info/PKG-INFO
[2.390s] writing dependency_links to ../../build/sdp_bot/sdp_bot.egg-info/dependency_links.txt
[2.390s] writing entry points to ../../build/sdp_bot/sdp_bot.egg-info/entry_points.txt
[2.390s] writing top-level names to ../../build/sdp_bot/sdp_bot.egg-info/top_level.txt
[2.391s] writing manifest file '../../build/sdp_bot/sdp_bot.egg-info/SOURCES.txt'
[2.485s] reading manifest file '../../build/sdp_bot/sdp_bot.egg-info/SOURCES.txt'
[2.485s] adding license file 'LICENSE'
[2.486s] writing manifest file '../../build/sdp_bot/sdp_bot.egg-info/SOURCES.txt'
[2.487s] running build
[2.487s] running build_py
[2.487s] creating /home/leonciao/Desktop/sdp_bot/build/sdp_bot/build
[2.487s] creating /home/leonciao/Desktop/sdp_bot/build/sdp_bot/build/lib
[2.487s] creating /home/leonciao/Desktop/sdp_bot/build/sdp_bot/build/lib/sdp_bot
[2.488s] copying sdp_bot/bno055.py -> /home/leonciao/Desktop/sdp_bot/build/sdp_bot/build/lib/sdp_bot
[2.488s] copying sdp_bot/control.py -> /home/leonciao/Desktop/sdp_bot/build/sdp_bot/build/lib/sdp_bot
[2.488s] copying sdp_bot/imu_transform.py -> /home/leonciao/Desktop/sdp_bot/build/sdp_bot/build/lib/sdp_bot
[2.488s] copying sdp_bot/__init__.py -> /home/leonciao/Desktop/sdp_bot/build/sdp_bot/build/lib/sdp_bot
[2.488s] running install
[2.500s] running install_lib
[2.548s] creating /home/leonciao/Desktop/sdp_bot/install/sdp_bot/lib/python3.12/site-packages/sdp_bot
[2.549s] copying /home/leonciao/Desktop/sdp_bot/build/sdp_bot/build/lib/sdp_bot/bno055.py -> /home/leonciao/Desktop/sdp_bot/install/sdp_bot/lib/python3.12/site-packages/sdp_bot
[2.549s] copying /home/leonciao/Desktop/sdp_bot/build/sdp_bot/build/lib/sdp_bot/control.py -> /home/leonciao/Desktop/sdp_bot/install/sdp_bot/lib/python3.12/site-packages/sdp_bot
[2.549s] copying /home/leonciao/Desktop/sdp_bot/build/sdp_bot/build/lib/sdp_bot/imu_transform.py -> /home/leonciao/Desktop/sdp_bot/install/sdp_bot/lib/python3.12/site-packages/sdp_bot
[2.549s] copying /home/leonciao/Desktop/sdp_bot/build/sdp_bot/build/lib/sdp_bot/__init__.py -> /home/leonciao/Desktop/sdp_bot/install/sdp_bot/lib/python3.12/site-packages/sdp_bot
[2.550s] byte-compiling /home/leonciao/Desktop/sdp_bot/install/sdp_bot/lib/python3.12/site-packages/sdp_bot/bno055.py to bno055.cpython-312.pyc
[2.553s] byte-compiling /home/leonciao/Desktop/sdp_bot/install/sdp_bot/lib/python3.12/site-packages/sdp_bot/control.py to control.cpython-312.pyc
[2.556s] byte-compiling /home/leonciao/Desktop/sdp_bot/install/sdp_bot/lib/python3.12/site-packages/sdp_bot/imu_transform.py to imu_transform.cpython-312.pyc
[2.557s] byte-compiling /home/leonciao/Desktop/sdp_bot/install/sdp_bot/lib/python3.12/site-packages/sdp_bot/__init__.py to __init__.cpython-312.pyc
[2.557s] running install_data
[2.557s] creating /home/leonciao/Desktop/sdp_bot/install/sdp_bot/share/ament_index
[2.558s] creating /home/leonciao/Desktop/sdp_bot/install/sdp_bot/share/ament_index/resource_index
[2.558s] creating /home/leonciao/Desktop/sdp_bot/install/sdp_bot/share/ament_index/resource_index/packages
[2.558s] copying resource/sdp_bot -> /home/leonciao/Desktop/sdp_bot/install/sdp_bot/share/ament_index/resource_index/packages
[2.558s] copying package.xml -> /home/leonciao/Desktop/sdp_bot/install/sdp_bot/share/sdp_bot
[2.558s] creating /home/leonciao/Desktop/sdp_bot/install/sdp_bot/share/sdp_bot/launch
[2.559s] copying launch/display.launch.py -> /home/leonciao/Desktop/sdp_bot/install/sdp_bot/share/sdp_bot/launch
[2.559s] copying launch/ekf.launch.py -> /home/leonciao/Desktop/sdp_bot/install/sdp_bot/share/sdp_bot/launch
[2.559s] copying launch/sdp.launch.py -> /home/leonciao/Desktop/sdp_bot/install/sdp_bot/share/sdp_bot/launch
[2.559s] creating /home/leonciao/Desktop/sdp_bot/install/sdp_bot/share/sdp_bot/rviz
[2.559s] copying rviz/config.rviz -> /home/leonciao/Desktop/sdp_bot/install/sdp_bot/share/sdp_bot/rviz
[2.559s] creating /home/leonciao/Desktop/sdp_bot/install/sdp_bot/share/sdp_bot/urdf
[2.560s] copying urdf/all_bot.urdf -> /home/leonciao/Desktop/sdp_bot/install/sdp_bot/share/sdp_bot/urdf
[2.560s] copying urdf/all_bot.sdf -> /home/leonciao/Desktop/sdp_bot/install/sdp_bot/share/sdp_bot/urdf
[2.560s] creating /home/leonciao/Desktop/sdp_bot/install/sdp_bot/share/sdp_bot/world
[2.560s] copying world/my_world.sdf -> /home/leonciao/Desktop/sdp_bot/install/sdp_bot/share/sdp_bot/world
[2.560s] creating /home/leonciao/Desktop/sdp_bot/install/sdp_bot/share/sdp_bot/config
[2.560s] copying config/ekf.yaml -> /home/leonciao/Desktop/sdp_bot/install/sdp_bot/share/sdp_bot/config
[2.560s] copying config/bridge_config.yaml -> /home/leonciao/Desktop/sdp_bot/install/sdp_bot/share/sdp_bot/config
[2.561s] copying config/nav2_params.yaml -> /home/leonciao/Desktop/sdp_bot/install/sdp_bot/share/sdp_bot/config
[2.561s] running install_egg_info
[2.610s] Copying ../../build/sdp_bot/sdp_bot.egg-info to /home/leonciao/Desktop/sdp_bot/install/sdp_bot/lib/python3.12/site-packages/sdp_bot-0.0.0-py3.12.egg-info
[2.612s] running install_scripts
[2.913s] Installing bno055 script to /home/leonciao/Desktop/sdp_bot/install/sdp_bot/lib/sdp_bot
[2.913s] Installing control script to /home/leonciao/Desktop/sdp_bot/install/sdp_bot/lib/sdp_bot
[2.914s] writing list of installed files to '/home/leonciao/Desktop/sdp_bot/build/sdp_bot/install.log'
[2.962s] Invoked command in '/home/leonciao/Desktop/sdp_bot/src/sdp_bot' returned '0': DEBUGINFOD_URLS=https://debuginfod.ubuntu.com PYTHONPATH=/home/leonciao/Desktop/sdp_bot/build/sdp_bot/prefix_override:/usr/lib/python3/dist-packages/colcon_core/task/python/colcon_distutils_commands:/home/leonciao/Desktop/sdp_bot/install/sdp_bot/lib/python3.12/site-packages:${PYTHONPATH} /usr/bin/python3 -W ignore:setup.py install is deprecated -W ignore:easy_install command is deprecated setup.py egg_info --egg-base ../../build/sdp_bot build --build-base /home/leonciao/Desktop/sdp_bot/build/sdp_bot/build install --record /home/leonciao/Desktop/sdp_bot/build/sdp_bot/install.log --single-version-externally-managed install_data
