[1.263s] Invoking command in '/home/leonciao/Desktop/sdp_bot/src/sdp_bot': DEBUGINFOD_URLS=https://debuginfod.ubuntu.com PYTHONPATH=/home/leonciao/Desktop/sdp_bot/build/sdp_bot/prefix_override:/usr/lib/python3/dist-packages/colcon_core/task/python/colcon_distutils_commands:/home/leonciao/Desktop/sdp_bot/install/sdp_bot/lib/python3.12/site-packages:${PYTHONPATH} /usr/bin/python3 -W ignore:setup.py install is deprecated -W ignore:easy_install command is deprecated setup.py egg_info --egg-base ../../build/sdp_bot build --build-base /home/leonciao/Desktop/sdp_bot/build/sdp_bot/build install --record /home/leonciao/Desktop/sdp_bot/build/sdp_bot/install.log --single-version-externally-managed install_data
[1.608s] running egg_info
[1.636s] writing ../../build/sdp_bot/sdp_bot.egg-info/PKG-INFO
[1.636s] writing dependency_links to ../../build/sdp_bot/sdp_bot.egg-info/dependency_links.txt
[1.636s] writing entry points to ../../build/sdp_bot/sdp_bot.egg-info/entry_points.txt
[1.637s] writing requirements to ../../build/sdp_bot/sdp_bot.egg-info/requires.txt
[1.637s] writing top-level names to ../../build/sdp_bot/sdp_bot.egg-info/top_level.txt
[1.693s] reading manifest file '../../build/sdp_bot/sdp_bot.egg-info/SOURCES.txt'
[1.693s] adding license file 'LICENSE'
[1.694s] writing manifest file '../../build/sdp_bot/sdp_bot.egg-info/SOURCES.txt'
[1.694s] running build
[1.694s] running build_py
[1.694s] running install
[1.702s] running install_lib
[1.743s] running install_data
[1.743s] copying package.xml -> /home/leonciao/Desktop/sdp_bot/install/sdp_bot/share/sdp_bot
[1.743s] copying launch/display3.launch.py -> /home/leonciao/Desktop/sdp_bot/install/sdp_bot/share/sdp_bot/launch
[1.743s] creating /home/leonciao/Desktop/sdp_bot/install/sdp_bot/share/sdp_bot/config
[1.744s] copying config/bridge_config.yaml -> /home/leonciao/Desktop/sdp_bot/install/sdp_bot/share/sdp_bot/config
[1.744s] creating /home/leonciao/Desktop/sdp_bot/install/sdp_bot/share/sdp_bot/world
[1.744s] copying world/my_world.sdf -> /home/leonciao/Desktop/sdp_bot/install/sdp_bot/share/sdp_bot/world
[1.744s] copying urdf/all_bot.urdf -> /home/leonciao/Desktop/sdp_bot/install/sdp_bot/share/sdp_bot/urdf
[1.744s] running install_egg_info
[1.774s] removing '/home/leonciao/Desktop/sdp_bot/install/sdp_bot/lib/python3.12/site-packages/sdp_bot-0.0.0-py3.12.egg-info' (and everything under it)
[1.774s] Copying ../../build/sdp_bot/sdp_bot.egg-info to /home/leonciao/Desktop/sdp_bot/install/sdp_bot/lib/python3.12/site-packages/sdp_bot-0.0.0-py3.12.egg-info
[1.776s] running install_scripts
[1.951s] Installing control script to /home/leonciao/Desktop/sdp_bot/install/sdp_bot/lib/sdp_bot
[1.951s] writing list of installed files to '/home/leonciao/Desktop/sdp_bot/build/sdp_bot/install.log'
[1.982s] Invoked command in '/home/leonciao/Desktop/sdp_bot/src/sdp_bot' returned '0': DEBUGINFOD_URLS=https://debuginfod.ubuntu.com PYTHONPATH=/home/leonciao/Desktop/sdp_bot/build/sdp_bot/prefix_override:/usr/lib/python3/dist-packages/colcon_core/task/python/colcon_distutils_commands:/home/leonciao/Desktop/sdp_bot/install/sdp_bot/lib/python3.12/site-packages:${PYTHONPATH} /usr/bin/python3 -W ignore:setup.py install is deprecated -W ignore:easy_install command is deprecated setup.py egg_info --egg-base ../../build/sdp_bot build --build-base /home/leonciao/Desktop/sdp_bot/build/sdp_bot/build install --record /home/leonciao/Desktop/sdp_bot/build/sdp_bot/install.log --single-version-externally-managed install_data
