[2.296s] Invoking command in '/home/leonciao/Desktop/sdp_bot/src/fix_motor_control': DEBUGINFOD_URLS=https://debuginfod.ubuntu.com PYTHONPATH=/home/leonciao/Desktop/sdp_bot/build/fix_motor_control/prefix_override:/usr/lib/python3/dist-packages/colcon_core/task/python/colcon_distutils_commands:/home/leonciao/Desktop/sdp_bot/install/fix_motor_control/lib/python3.12/site-packages:${PYTHONPATH} /usr/bin/python3 -W ignore:setup.py install is deprecated -W ignore:easy_install command is deprecated setup.py egg_info --egg-base ../../build/fix_motor_control build --build-base /home/leonciao/Desktop/sdp_bot/build/fix_motor_control/build install --record /home/leonciao/Desktop/sdp_bot/build/fix_motor_control/install.log --single-version-externally-managed install_data
[2.881s] running egg_info
[2.882s] creating ../../build/fix_motor_control/fix_motor_control.egg-info
[2.927s] writing ../../build/fix_motor_control/fix_motor_control.egg-info/PKG-INFO
[2.927s] writing dependency_links to ../../build/fix_motor_control/fix_motor_control.egg-info/dependency_links.txt
[2.928s] writing entry points to ../../build/fix_motor_control/fix_motor_control.egg-info/entry_points.txt
[2.928s] writing requirements to ../../build/fix_motor_control/fix_motor_control.egg-info/requires.txt
[2.928s] writing top-level names to ../../build/fix_motor_control/fix_motor_control.egg-info/top_level.txt
[2.928s] writing manifest file '../../build/fix_motor_control/fix_motor_control.egg-info/SOURCES.txt'
[3.020s] reading manifest file '../../build/fix_motor_control/fix_motor_control.egg-info/SOURCES.txt'
[3.020s] adding license file 'LICENSE'
[3.021s] writing manifest file '../../build/fix_motor_control/fix_motor_control.egg-info/SOURCES.txt'
[3.021s] running build
[3.021s] running build_py
[3.022s] creating /home/leonciao/Desktop/sdp_bot/build/fix_motor_control/build
[3.022s] creating /home/leonciao/Desktop/sdp_bot/build/fix_motor_control/build/lib
[3.022s] creating /home/leonciao/Desktop/sdp_bot/build/fix_motor_control/build/lib/fix_motor_control
[3.022s] copying fix_motor_control/fix_motor_control.py -> /home/leonciao/Desktop/sdp_bot/build/fix_motor_control/build/lib/fix_motor_control
[3.023s] copying fix_motor_control/__init__.py -> /home/leonciao/Desktop/sdp_bot/build/fix_motor_control/build/lib/fix_motor_control
[3.023s] running install
[3.035s] running install_lib
[3.079s] creating /home/leonciao/Desktop/sdp_bot/install/fix_motor_control/lib/python3.12/site-packages/fix_motor_control
[3.080s] copying /home/leonciao/Desktop/sdp_bot/build/fix_motor_control/build/lib/fix_motor_control/fix_motor_control.py -> /home/leonciao/Desktop/sdp_bot/install/fix_motor_control/lib/python3.12/site-packages/fix_motor_control
[3.080s] copying /home/leonciao/Desktop/sdp_bot/build/fix_motor_control/build/lib/fix_motor_control/__init__.py -> /home/leonciao/Desktop/sdp_bot/install/fix_motor_control/lib/python3.12/site-packages/fix_motor_control
[3.081s] byte-compiling /home/leonciao/Desktop/sdp_bot/install/fix_motor_control/lib/python3.12/site-packages/fix_motor_control/fix_motor_control.py to fix_motor_control.cpython-312.pyc
[3.084s] byte-compiling /home/leonciao/Desktop/sdp_bot/install/fix_motor_control/lib/python3.12/site-packages/fix_motor_control/__init__.py to __init__.cpython-312.pyc
[3.084s] running install_data
[3.085s] creating /home/leonciao/Desktop/sdp_bot/install/fix_motor_control/share/ament_index
[3.085s] creating /home/leonciao/Desktop/sdp_bot/install/fix_motor_control/share/ament_index/resource_index
[3.085s] creating /home/leonciao/Desktop/sdp_bot/install/fix_motor_control/share/ament_index/resource_index/packages
[3.085s] copying resource/fix_motor_control -> /home/leonciao/Desktop/sdp_bot/install/fix_motor_control/share/ament_index/resource_index/packages
[3.085s] copying package.xml -> /home/leonciao/Desktop/sdp_bot/install/fix_motor_control/share/fix_motor_control
[3.086s] running install_egg_info
[3.133s] Copying ../../build/fix_motor_control/fix_motor_control.egg-info to /home/leonciao/Desktop/sdp_bot/install/fix_motor_control/lib/python3.12/site-packages/fix_motor_control-0.0.0-py3.12.egg-info
[3.134s] running install_scripts
[3.422s] Installing fix_motor_control script to /home/leonciao/Desktop/sdp_bot/install/fix_motor_control/lib/fix_motor_control
[3.422s] writing list of installed files to '/home/leonciao/Desktop/sdp_bot/build/fix_motor_control/install.log'
[3.471s] Invoked command in '/home/leonciao/Desktop/sdp_bot/src/fix_motor_control' returned '0': DEBUGINFOD_URLS=https://debuginfod.ubuntu.com PYTHONPATH=/home/leonciao/Desktop/sdp_bot/build/fix_motor_control/prefix_override:/usr/lib/python3/dist-packages/colcon_core/task/python/colcon_distutils_commands:/home/leonciao/Desktop/sdp_bot/install/fix_motor_control/lib/python3.12/site-packages:${PYTHONPATH} /usr/bin/python3 -W ignore:setup.py install is deprecated -W ignore:easy_install command is deprecated setup.py egg_info --egg-base ../../build/fix_motor_control build --build-base /home/leonciao/Desktop/sdp_bot/build/fix_motor_control/build install --record /home/leonciao/Desktop/sdp_bot/build/fix_motor_control/install.log --single-version-externally-managed install_data
