running egg_info
creating ../../build/fix_motor_control/fix_motor_control.egg-info
writing ../../build/fix_motor_control/fix_motor_control.egg-info/PKG-INFO
writing dependency_links to ../../build/fix_motor_control/fix_motor_control.egg-info/dependency_links.txt
writing entry points to ../../build/fix_motor_control/fix_motor_control.egg-info/entry_points.txt
writing requirements to ../../build/fix_motor_control/fix_motor_control.egg-info/requires.txt
writing top-level names to ../../build/fix_motor_control/fix_motor_control.egg-info/top_level.txt
writing manifest file '../../build/fix_motor_control/fix_motor_control.egg-info/SOURCES.txt'
reading manifest file '../../build/fix_motor_control/fix_motor_control.egg-info/SOURCES.txt'
adding license file 'LICENSE'
writing manifest file '../../build/fix_motor_control/fix_motor_control.egg-info/SOURCES.txt'
running build
running build_py
creating /home/leonciao/Desktop/sdp_bot/build/fix_motor_control/build
creating /home/leonciao/Desktop/sdp_bot/build/fix_motor_control/build/lib
creating /home/leonciao/Desktop/sdp_bot/build/fix_motor_control/build/lib/fix_motor_control
copying fix_motor_control/fix_motor_control.py -> /home/leonciao/Desktop/sdp_bot/build/fix_motor_control/build/lib/fix_motor_control
copying fix_motor_control/__init__.py -> /home/leonciao/Desktop/sdp_bot/build/fix_motor_control/build/lib/fix_motor_control
running install
running install_lib
creating /home/leonciao/Desktop/sdp_bot/install/fix_motor_control/lib/python3.12/site-packages/fix_motor_control
copying /home/leonciao/Desktop/sdp_bot/build/fix_motor_control/build/lib/fix_motor_control/fix_motor_control.py -> /home/leonciao/Desktop/sdp_bot/install/fix_motor_control/lib/python3.12/site-packages/fix_motor_control
copying /home/leonciao/Desktop/sdp_bot/build/fix_motor_control/build/lib/fix_motor_control/__init__.py -> /home/leonciao/Desktop/sdp_bot/install/fix_motor_control/lib/python3.12/site-packages/fix_motor_control
byte-compiling /home/leonciao/Desktop/sdp_bot/install/fix_motor_control/lib/python3.12/site-packages/fix_motor_control/fix_motor_control.py to fix_motor_control.cpython-312.pyc
byte-compiling /home/leonciao/Desktop/sdp_bot/install/fix_motor_control/lib/python3.12/site-packages/fix_motor_control/__init__.py to __init__.cpython-312.pyc
running install_data
creating /home/leonciao/Desktop/sdp_bot/install/fix_motor_control/share/ament_index
creating /home/leonciao/Desktop/sdp_bot/install/fix_motor_control/share/ament_index/resource_index
creating /home/leonciao/Desktop/sdp_bot/install/fix_motor_control/share/ament_index/resource_index/packages
copying resource/fix_motor_control -> /home/leonciao/Desktop/sdp_bot/install/fix_motor_control/share/ament_index/resource_index/packages
copying package.xml -> /home/leonciao/Desktop/sdp_bot/install/fix_motor_control/share/fix_motor_control
creating /home/leonciao/Desktop/sdp_bot/install/fix_motor_control/share/fix_motor_control/launch
copying launch/display.launch.py -> /home/leonciao/Desktop/sdp_bot/install/fix_motor_control/share/fix_motor_control/launch
creating /home/leonciao/Desktop/sdp_bot/install/fix_motor_control/share/fix_motor_control/urdf
copying urdf/sdp_bot.urdf.xacro -> /home/leonciao/Desktop/sdp_bot/install/fix_motor_control/share/fix_motor_control/urdf
running install_egg_info
Copying ../../build/fix_motor_control/fix_motor_control.egg-info to /home/leonciao/Desktop/sdp_bot/install/fix_motor_control/lib/python3.12/site-packages/fix_motor_control-0.0.0-py3.12.egg-info
running install_scripts
Installing fix_motor_control script to /home/leonciao/Desktop/sdp_bot/install/fix_motor_control/lib/fix_motor_control
writing list of installed files to '/home/leonciao/Desktop/sdp_bot/build/fix_motor_control/install.log'
