running egg_info
creating ../../build/sdp_bot/sdp_bot.egg-info
writing ../../build/sdp_bot/sdp_bot.egg-info/PKG-INFO
writing dependency_links to ../../build/sdp_bot/sdp_bot.egg-info/dependency_links.txt
writing entry points to ../../build/sdp_bot/sdp_bot.egg-info/entry_points.txt
writing top-level names to ../../build/sdp_bot/sdp_bot.egg-info/top_level.txt
writing manifest file '../../build/sdp_bot/sdp_bot.egg-info/SOURCES.txt'
reading manifest file '../../build/sdp_bot/sdp_bot.egg-info/SOURCES.txt'
adding license file 'LICENSE'
writing manifest file '../../build/sdp_bot/sdp_bot.egg-info/SOURCES.txt'
running build
running build_py
creating /home/leonciao/Desktop/sdp_bot/build/sdp_bot/build
creating /home/leonciao/Desktop/sdp_bot/build/sdp_bot/build/lib
creating /home/leonciao/Desktop/sdp_bot/build/sdp_bot/build/lib/sdp_bot
copying sdp_bot/control.py -> /home/leonciao/Desktop/sdp_bot/build/sdp_bot/build/lib/sdp_bot
copying sdp_bot/diff_drive_hardware.py -> /home/leonciao/Desktop/sdp_bot/build/sdp_bot/build/lib/sdp_bot
copying sdp_bot/__init__.py -> /home/leonciao/Desktop/sdp_bot/build/sdp_bot/build/lib/sdp_bot
running install
running install_lib
creating /home/leonciao/Desktop/sdp_bot/install/sdp_bot/lib/python3.12/site-packages/sdp_bot
copying /home/leonciao/Desktop/sdp_bot/build/sdp_bot/build/lib/sdp_bot/control.py -> /home/leonciao/Desktop/sdp_bot/install/sdp_bot/lib/python3.12/site-packages/sdp_bot
copying /home/leonciao/Desktop/sdp_bot/build/sdp_bot/build/lib/sdp_bot/diff_drive_hardware.py -> /home/leonciao/Desktop/sdp_bot/install/sdp_bot/lib/python3.12/site-packages/sdp_bot
copying /home/leonciao/Desktop/sdp_bot/build/sdp_bot/build/lib/sdp_bot/__init__.py -> /home/leonciao/Desktop/sdp_bot/install/sdp_bot/lib/python3.12/site-packages/sdp_bot
byte-compiling /home/leonciao/Desktop/sdp_bot/install/sdp_bot/lib/python3.12/site-packages/sdp_bot/control.py to control.cpython-312.pyc
byte-compiling /home/leonciao/Desktop/sdp_bot/install/sdp_bot/lib/python3.12/site-packages/sdp_bot/diff_drive_hardware.py to diff_drive_hardware.cpython-312.pyc
byte-compiling /home/leonciao/Desktop/sdp_bot/install/sdp_bot/lib/python3.12/site-packages/sdp_bot/__init__.py to __init__.cpython-312.pyc
running install_data
creating /home/leonciao/Desktop/sdp_bot/install/sdp_bot/share/ament_index
creating /home/leonciao/Desktop/sdp_bot/install/sdp_bot/share/ament_index/resource_index
creating /home/leonciao/Desktop/sdp_bot/install/sdp_bot/share/ament_index/resource_index/packages
copying resource/sdp_bot -> /home/leonciao/Desktop/sdp_bot/install/sdp_bot/share/ament_index/resource_index/packages
copying package.xml -> /home/leonciao/Desktop/sdp_bot/install/sdp_bot/share/sdp_bot
creating /home/leonciao/Desktop/sdp_bot/install/sdp_bot/share/ament_index/resource_index/hardware_interface
copying diff_drive_hardware.xml -> /home/leonciao/Desktop/sdp_bot/install/sdp_bot/share/ament_index/resource_index/hardware_interface
copying diff_drive_hardware.xml -> /home/leonciao/Desktop/sdp_bot/install/sdp_bot/share/sdp_bot
creating /home/leonciao/Desktop/sdp_bot/install/sdp_bot/share/sdp_bot/launch
copying launch/display.launch.py -> /home/leonciao/Desktop/sdp_bot/install/sdp_bot/share/sdp_bot/launch
copying launch/display_v2.launch.py -> /home/leonciao/Desktop/sdp_bot/install/sdp_bot/share/sdp_bot/launch
copying launch/ros2_control_v1.launch.py -> /home/leonciao/Desktop/sdp_bot/install/sdp_bot/share/sdp_bot/launch
copying launch/rplidar_test.launch.py -> /home/leonciao/Desktop/sdp_bot/install/sdp_bot/share/sdp_bot/launch
creating /home/leonciao/Desktop/sdp_bot/install/sdp_bot/share/sdp_bot/config
copying config/controller.yaml -> /home/leonciao/Desktop/sdp_bot/install/sdp_bot/share/sdp_bot/config
creating /home/leonciao/Desktop/sdp_bot/install/sdp_bot/share/sdp_bot/rviz
copying rviz/config.rviz -> /home/leonciao/Desktop/sdp_bot/install/sdp_bot/share/sdp_bot/rviz
creating /home/leonciao/Desktop/sdp_bot/install/sdp_bot/share/sdp_bot/urdf
copying urdf/all_bot.urdf -> /home/leonciao/Desktop/sdp_bot/install/sdp_bot/share/sdp_bot/urdf
running install_egg_info
Copying ../../build/sdp_bot/sdp_bot.egg-info to /home/leonciao/Desktop/sdp_bot/install/sdp_bot/lib/python3.12/site-packages/sdp_bot-0.0.0-py3.12.egg-info
running install_scripts
Installing control script to /home/leonciao/Desktop/sdp_bot/install/sdp_bot/lib/sdp_bot
writing list of installed files to '/home/leonciao/Desktop/sdp_bot/build/sdp_bot/install.log'
