[1.052s] Invoking command in '/home/leonciao/Desktop/sdp_bot/src/sdp_bot': DEBUGINFOD_URLS=https://debuginfod.ubuntu.com PYTHONPATH=/home/leonciao/Desktop/sdp_bot/build/sdp_bot/prefix_override:/usr/lib/python3/dist-packages/colcon_core/task/python/colcon_distutils_commands:/home/leonciao/Desktop/sdp_bot/install/sdp_bot/lib/python3.12/site-packages:${PYTHONPATH} /usr/bin/python3 -W ignore:setup.py install is deprecated -W ignore:easy_install command is deprecated setup.py egg_info --egg-base ../../build/sdp_bot build --build-base /home/leonciao/Desktop/sdp_bot/build/sdp_bot/build install --record /home/leonciao/Desktop/sdp_bot/build/sdp_bot/install.log --single-version-externally-managed install_data
[1.398s] running egg_info
[1.398s] creating ../../build/sdp_bot/sdp_bot.egg-info
[1.425s] writing ../../build/sdp_bot/sdp_bot.egg-info/PKG-INFO
[1.426s] writing dependency_links to ../../build/sdp_bot/sdp_bot.egg-info/dependency_links.txt
[1.426s] writing entry points to ../../build/sdp_bot/sdp_bot.egg-info/entry_points.txt
[1.426s] writing top-level names to ../../build/sdp_bot/sdp_bot.egg-info/top_level.txt
[1.426s] writing manifest file '../../build/sdp_bot/sdp_bot.egg-info/SOURCES.txt'
[1.481s] reading manifest file '../../build/sdp_bot/sdp_bot.egg-info/SOURCES.txt'
[1.481s] adding license file 'LICENSE'
[1.482s] writing manifest file '../../build/sdp_bot/sdp_bot.egg-info/SOURCES.txt'
[1.482s] running build
[1.482s] running build_py
[1.482s] creating /home/leonciao/Desktop/sdp_bot/build/sdp_bot/build
[1.482s] creating /home/leonciao/Desktop/sdp_bot/build/sdp_bot/build/lib
[1.482s] creating /home/leonciao/Desktop/sdp_bot/build/sdp_bot/build/lib/sdp_bot
[1.482s] copying sdp_bot/control.py -> /home/leonciao/Desktop/sdp_bot/build/sdp_bot/build/lib/sdp_bot
[1.482s] copying sdp_bot/diff_drive_hardware.py -> /home/leonciao/Desktop/sdp_bot/build/sdp_bot/build/lib/sdp_bot
[1.482s] copying sdp_bot/__init__.py -> /home/leonciao/Desktop/sdp_bot/build/sdp_bot/build/lib/sdp_bot
[1.483s] running install
[1.490s] running install_lib
[1.520s] creating /home/leonciao/Desktop/sdp_bot/install/sdp_bot/lib/python3.12/site-packages/sdp_bot
[1.520s] copying /home/leonciao/Desktop/sdp_bot/build/sdp_bot/build/lib/sdp_bot/control.py -> /home/leonciao/Desktop/sdp_bot/install/sdp_bot/lib/python3.12/site-packages/sdp_bot
[1.520s] copying /home/leonciao/Desktop/sdp_bot/build/sdp_bot/build/lib/sdp_bot/diff_drive_hardware.py -> /home/leonciao/Desktop/sdp_bot/install/sdp_bot/lib/python3.12/site-packages/sdp_bot
[1.520s] copying /home/leonciao/Desktop/sdp_bot/build/sdp_bot/build/lib/sdp_bot/__init__.py -> /home/leonciao/Desktop/sdp_bot/install/sdp_bot/lib/python3.12/site-packages/sdp_bot
[1.521s] byte-compiling /home/leonciao/Desktop/sdp_bot/install/sdp_bot/lib/python3.12/site-packages/sdp_bot/control.py to control.cpython-312.pyc
[1.523s] byte-compiling /home/leonciao/Desktop/sdp_bot/install/sdp_bot/lib/python3.12/site-packages/sdp_bot/diff_drive_hardware.py to diff_drive_hardware.cpython-312.pyc
[1.524s] byte-compiling /home/leonciao/Desktop/sdp_bot/install/sdp_bot/lib/python3.12/site-packages/sdp_bot/__init__.py to __init__.cpython-312.pyc
[1.524s] running install_data
[1.524s] creating /home/leonciao/Desktop/sdp_bot/install/sdp_bot/share/ament_index
[1.524s] creating /home/leonciao/Desktop/sdp_bot/install/sdp_bot/share/ament_index/resource_index
[1.524s] creating /home/leonciao/Desktop/sdp_bot/install/sdp_bot/share/ament_index/resource_index/packages
[1.525s] copying resource/sdp_bot -> /home/leonciao/Desktop/sdp_bot/install/sdp_bot/share/ament_index/resource_index/packages
[1.525s] copying package.xml -> /home/leonciao/Desktop/sdp_bot/install/sdp_bot/share/sdp_bot
[1.525s] creating /home/leonciao/Desktop/sdp_bot/install/sdp_bot/share/ament_index/resource_index/hardware_interface
[1.525s] copying diff_drive_hardware.xml -> /home/leonciao/Desktop/sdp_bot/install/sdp_bot/share/ament_index/resource_index/hardware_interface
[1.525s] copying diff_drive_hardware.xml -> /home/leonciao/Desktop/sdp_bot/install/sdp_bot/share/sdp_bot
[1.525s] creating /home/leonciao/Desktop/sdp_bot/install/sdp_bot/share/sdp_bot/launch
[1.525s] copying launch/display.launch.py -> /home/leonciao/Desktop/sdp_bot/install/sdp_bot/share/sdp_bot/launch
[1.525s] copying launch/display_v2.launch.py -> /home/leonciao/Desktop/sdp_bot/install/sdp_bot/share/sdp_bot/launch
[1.525s] copying launch/ros2_control_v1.launch.py -> /home/leonciao/Desktop/sdp_bot/install/sdp_bot/share/sdp_bot/launch
[1.526s] copying launch/rplidar_test.launch.py -> /home/leonciao/Desktop/sdp_bot/install/sdp_bot/share/sdp_bot/launch
[1.526s] creating /home/leonciao/Desktop/sdp_bot/install/sdp_bot/share/sdp_bot/config
[1.526s] copying config/controller.yaml -> /home/leonciao/Desktop/sdp_bot/install/sdp_bot/share/sdp_bot/config
[1.526s] creating /home/leonciao/Desktop/sdp_bot/install/sdp_bot/share/sdp_bot/rviz
[1.526s] copying rviz/config.rviz -> /home/leonciao/Desktop/sdp_bot/install/sdp_bot/share/sdp_bot/rviz
[1.526s] creating /home/leonciao/Desktop/sdp_bot/install/sdp_bot/share/sdp_bot/urdf
[1.526s] copying urdf/all_bot.urdf -> /home/leonciao/Desktop/sdp_bot/install/sdp_bot/share/sdp_bot/urdf
[1.526s] running install_egg_info
[1.555s] Copying ../../build/sdp_bot/sdp_bot.egg-info to /home/leonciao/Desktop/sdp_bot/install/sdp_bot/lib/python3.12/site-packages/sdp_bot-0.0.0-py3.12.egg-info
[1.556s] running install_scripts
[1.730s] Installing control script to /home/leonciao/Desktop/sdp_bot/install/sdp_bot/lib/sdp_bot
[1.730s] writing list of installed files to '/home/leonciao/Desktop/sdp_bot/build/sdp_bot/install.log'
[1.764s] Invoked command in '/home/leonciao/Desktop/sdp_bot/src/sdp_bot' returned '0': DEBUGINFOD_URLS=https://debuginfod.ubuntu.com PYTHONPATH=/home/leonciao/Desktop/sdp_bot/build/sdp_bot/prefix_override:/usr/lib/python3/dist-packages/colcon_core/task/python/colcon_distutils_commands:/home/leonciao/Desktop/sdp_bot/install/sdp_bot/lib/python3.12/site-packages:${PYTHONPATH} /usr/bin/python3 -W ignore:setup.py install is deprecated -W ignore:easy_install command is deprecated setup.py egg_info --egg-base ../../build/sdp_bot build --build-base /home/leonciao/Desktop/sdp_bot/build/sdp_bot/build install --record /home/leonciao/Desktop/sdp_bot/build/sdp_bot/install.log --single-version-externally-managed install_data
