[1.999s] Invoking command in '/home/leonciao/Desktop/sdp_bot/src/sdp_bot': DEBUGINFOD_URLS=https://debuginfod.ubuntu.com PYTHONPATH=/home/leonciao/Desktop/sdp_bot/build/sdp_bot/prefix_override:/usr/lib/python3/dist-packages/colcon_core/task/python/colcon_distutils_commands:/home/leonciao/Desktop/sdp_bot/install/sdp_bot/lib/python3.12/site-packages:${PYTHONPATH} /usr/bin/python3 -W ignore:setup.py install is deprecated -W ignore:easy_install command is deprecated setup.py egg_info --egg-base ../../build/sdp_bot build --build-base /home/leonciao/Desktop/sdp_bot/build/sdp_bot/build install --record /home/leonciao/Desktop/sdp_bot/build/sdp_bot/install.log --single-version-externally-managed install_data
[2.604s] running egg_info
[2.651s] writing ../../build/sdp_bot/sdp_bot.egg-info/PKG-INFO
[2.652s] writing dependency_links to ../../build/sdp_bot/sdp_bot.egg-info/dependency_links.txt
[2.652s] writing entry points to ../../build/sdp_bot/sdp_bot.egg-info/entry_points.txt
[2.652s] writing top-level names to ../../build/sdp_bot/sdp_bot.egg-info/top_level.txt
[2.747s] reading manifest file '../../build/sdp_bot/sdp_bot.egg-info/SOURCES.txt'
[2.748s] adding license file 'LICENSE'
[2.749s] writing manifest file '../../build/sdp_bot/sdp_bot.egg-info/SOURCES.txt'
[2.749s] running build
[2.749s] running build_py
[2.750s] running install
[2.762s] running install_lib
[2.810s] running install_data
[2.811s] copying config/ekf.yaml -> /home/leonciao/Desktop/sdp_bot/install/sdp_bot/share/sdp_bot/config
[2.811s] copying config/nav2_params.yaml -> /home/leonciao/Desktop/sdp_bot/install/sdp_bot/share/sdp_bot/config
[2.812s] running install_egg_info
[2.861s] removing '/home/leonciao/Desktop/sdp_bot/install/sdp_bot/lib/python3.12/site-packages/sdp_bot-0.0.0-py3.12.egg-info' (and everything under it)
[2.861s] Copying ../../build/sdp_bot/sdp_bot.egg-info to /home/leonciao/Desktop/sdp_bot/install/sdp_bot/lib/python3.12/site-packages/sdp_bot-0.0.0-py3.12.egg-info
[2.862s] running install_scripts
[3.154s] Installing bno055 script to /home/leonciao/Desktop/sdp_bot/install/sdp_bot/lib/sdp_bot
[3.155s] Installing control script to /home/leonciao/Desktop/sdp_bot/install/sdp_bot/lib/sdp_bot
[3.155s] Installing imu_tf_broadcaster script to /home/leonciao/Desktop/sdp_bot/install/sdp_bot/lib/sdp_bot
[3.155s] writing list of installed files to '/home/leonciao/Desktop/sdp_bot/build/sdp_bot/install.log'
[3.202s] Invoked command in '/home/leonciao/Desktop/sdp_bot/src/sdp_bot' returned '0': DEBUGINFOD_URLS=https://debuginfod.ubuntu.com PYTHONPATH=/home/leonciao/Desktop/sdp_bot/build/sdp_bot/prefix_override:/usr/lib/python3/dist-packages/colcon_core/task/python/colcon_distutils_commands:/home/leonciao/Desktop/sdp_bot/install/sdp_bot/lib/python3.12/site-packages:${PYTHONPATH} /usr/bin/python3 -W ignore:setup.py install is deprecated -W ignore:easy_install command is deprecated setup.py egg_info --egg-base ../../build/sdp_bot build --build-base /home/leonciao/Desktop/sdp_bot/build/sdp_bot/build install --record /home/leonciao/Desktop/sdp_bot/build/sdp_bot/install.log --single-version-externally-managed install_data
