running egg_info
creating ../../build/sdp_control/sdp_bot.egg-info
writing ../../build/sdp_control/sdp_bot.egg-info/PKG-INFO
writing dependency_links to ../../build/sdp_control/sdp_bot.egg-info/dependency_links.txt
writing entry points to ../../build/sdp_control/sdp_bot.egg-info/entry_points.txt
writing requirements to ../../build/sdp_control/sdp_bot.egg-info/requires.txt
writing top-level names to ../../build/sdp_control/sdp_bot.egg-info/top_level.txt
writing manifest file '../../build/sdp_control/sdp_bot.egg-info/SOURCES.txt'
reading manifest file '../../build/sdp_control/sdp_bot.egg-info/SOURCES.txt'
adding license file 'LICENSE'
writing manifest file '../../build/sdp_control/sdp_bot.egg-info/SOURCES.txt'
running build
running build_py
creating /home/leonciao/Desktop/sdp_bot/build/sdp_control/build
creating /home/leonciao/Desktop/sdp_bot/build/sdp_control/build/lib
creating /home/leonciao/Desktop/sdp_bot/build/sdp_control/build/lib/sdp_bot
copying sdp_bot/control.py -> /home/leonciao/Desktop/sdp_bot/build/sdp_control/build/lib/sdp_bot
copying sdp_bot/__init__.py -> /home/leonciao/Desktop/sdp_bot/build/sdp_control/build/lib/sdp_bot
running install
running install_lib
creating /home/leonciao/Desktop/sdp_bot/install/sdp_control/lib/python3.12/site-packages/sdp_bot
copying /home/leonciao/Desktop/sdp_bot/build/sdp_control/build/lib/sdp_bot/control.py -> /home/leonciao/Desktop/sdp_bot/install/sdp_control/lib/python3.12/site-packages/sdp_bot
copying /home/leonciao/Desktop/sdp_bot/build/sdp_control/build/lib/sdp_bot/__init__.py -> /home/leonciao/Desktop/sdp_bot/install/sdp_control/lib/python3.12/site-packages/sdp_bot
byte-compiling /home/leonciao/Desktop/sdp_bot/install/sdp_control/lib/python3.12/site-packages/sdp_bot/control.py to control.cpython-312.pyc
byte-compiling /home/leonciao/Desktop/sdp_bot/install/sdp_control/lib/python3.12/site-packages/sdp_bot/__init__.py to __init__.cpython-312.pyc
running install_data
copying resource/sdp_bot -> /home/leonciao/Desktop/sdp_bot/install/sdp_control/share/ament_index/resource_index/packages
creating /home/leonciao/Desktop/sdp_bot/install/sdp_control/share/sdp_bot
copying package.xml -> /home/leonciao/Desktop/sdp_bot/install/sdp_control/share/sdp_bot
creating /home/leonciao/Desktop/sdp_bot/install/sdp_control/share/sdp_bot/launch
