[1.470s] Invoking command in '/home/leonciao/Desktop/sdp_bot/src/sdp_bot': DEBUGINFOD_URLS=https://debuginfod.ubuntu.com PYTHONPATH=/home/leonciao/Desktop/sdp_bot/build/sdp_control/prefix_override:/usr/lib/python3/dist-packages/colcon_core/task/python/colcon_distutils_commands:/home/leonciao/Desktop/sdp_bot/install/sdp_control/lib/python3.12/site-packages:${PYTHONPATH} /usr/bin/python3 -W ignore:setup.py install is deprecated -W ignore:easy_install command is deprecated setup.py egg_info --egg-base ../../build/sdp_control build --build-base /home/leonciao/Desktop/sdp_bot/build/sdp_control/build install --record /home/leonciao/Desktop/sdp_bot/build/sdp_control/install.log --single-version-externally-managed install_data
[1.846s] running egg_info
[1.847s] creating ../../build/sdp_control/sdp_bot.egg-info
[1.874s] writing ../../build/sdp_control/sdp_bot.egg-info/PKG-INFO
[1.875s] writing dependency_links to ../../build/sdp_control/sdp_bot.egg-info/dependency_links.txt
[1.875s] writing entry points to ../../build/sdp_control/sdp_bot.egg-info/entry_points.txt
[1.875s] writing requirements to ../../build/sdp_control/sdp_bot.egg-info/requires.txt
[1.875s] writing top-level names to ../../build/sdp_control/sdp_bot.egg-info/top_level.txt
[1.875s] writing manifest file '../../build/sdp_control/sdp_bot.egg-info/SOURCES.txt'
[1.940s] reading manifest file '../../build/sdp_control/sdp_bot.egg-info/SOURCES.txt'
[1.940s] adding license file 'LICENSE'
[1.941s] writing manifest file '../../build/sdp_control/sdp_bot.egg-info/SOURCES.txt'
[1.941s] running build
[1.941s] running build_py
[1.941s] creating /home/leonciao/Desktop/sdp_bot/build/sdp_control/build
[1.941s] creating /home/leonciao/Desktop/sdp_bot/build/sdp_control/build/lib
[1.941s] creating /home/leonciao/Desktop/sdp_bot/build/sdp_control/build/lib/sdp_bot
[1.942s] copying sdp_bot/control.py -> /home/leonciao/Desktop/sdp_bot/build/sdp_control/build/lib/sdp_bot
[1.942s] copying sdp_bot/__init__.py -> /home/leonciao/Desktop/sdp_bot/build/sdp_control/build/lib/sdp_bot
[1.942s] running install
[1.950s] running install_lib
[1.978s] creating /home/leonciao/Desktop/sdp_bot/install/sdp_control/lib/python3.12/site-packages/sdp_bot
[1.978s] copying /home/leonciao/Desktop/sdp_bot/build/sdp_control/build/lib/sdp_bot/control.py -> /home/leonciao/Desktop/sdp_bot/install/sdp_control/lib/python3.12/site-packages/sdp_bot
[1.978s] copying /home/leonciao/Desktop/sdp_bot/build/sdp_control/build/lib/sdp_bot/__init__.py -> /home/leonciao/Desktop/sdp_bot/install/sdp_control/lib/python3.12/site-packages/sdp_bot
[1.979s] byte-compiling /home/leonciao/Desktop/sdp_bot/install/sdp_control/lib/python3.12/site-packages/sdp_bot/control.py to control.cpython-312.pyc
[1.981s] byte-compiling /home/leonciao/Desktop/sdp_bot/install/sdp_control/lib/python3.12/site-packages/sdp_bot/__init__.py to __init__.cpython-312.pyc
[1.981s] running install_data
[1.981s] copying resource/sdp_bot -> /home/leonciao/Desktop/sdp_bot/install/sdp_control/share/ament_index/resource_index/packages
[1.981s] creating /home/leonciao/Desktop/sdp_bot/install/sdp_control/share/sdp_bot
[1.982s] copying package.xml -> /home/leonciao/Desktop/sdp_bot/install/sdp_control/share/sdp_bot
[1.982s] creating /home/leonciao/Desktop/sdp_bot/install/sdp_control/share/sdp_bot/launch
[1.982s] error: can't copy 'launch/display.launch.py': doesn't exist or not a regular file
[2.008s] Invoked command in '/home/leonciao/Desktop/sdp_bot/src/sdp_bot' returned '1': DEBUGINFOD_URLS=https://debuginfod.ubuntu.com PYTHONPATH=/home/leonciao/Desktop/sdp_bot/build/sdp_control/prefix_override:/usr/lib/python3/dist-packages/colcon_core/task/python/colcon_distutils_commands:/home/leonciao/Desktop/sdp_bot/install/sdp_control/lib/python3.12/site-packages:${PYTHONPATH} /usr/bin/python3 -W ignore:setup.py install is deprecated -W ignore:easy_install command is deprecated setup.py egg_info --egg-base ../../build/sdp_control build --build-base /home/leonciao/Desktop/sdp_bot/build/sdp_control/build install --record /home/leonciao/Desktop/sdp_bot/build/sdp_control/install.log --single-version-externally-managed install_data
