[1.025s] Invoking command in '/home/leonciao/Desktop/sdp_bot/src/sdp_bot': DEBUGINFOD_URLS=https://debuginfod.ubuntu.com PYTHONPATH=/home/leonciao/Desktop/sdp_bot/build/sdp_bot/prefix_override:/usr/lib/python3/dist-packages/colcon_core/task/python/colcon_distutils_commands:/home/leonciao/Desktop/sdp_bot/install/sdp_bot/lib/python3.12/site-packages:${PYTHONPATH} /usr/bin/python3 -W ignore:setup.py install is deprecated -W ignore:easy_install command is deprecated setup.py egg_info --egg-base ../../build/sdp_bot build --build-base /home/leonciao/Desktop/sdp_bot/build/sdp_bot/build install --record /home/leonciao/Desktop/sdp_bot/build/sdp_bot/install.log --single-version-externally-managed install_data
[1.382s] running egg_info
[1.410s] writing ../../build/sdp_bot/sdp_bot.egg-info/PKG-INFO
[1.411s] writing dependency_links to ../../build/sdp_bot/sdp_bot.egg-info/dependency_links.txt
[1.411s] writing entry points to ../../build/sdp_bot/sdp_bot.egg-info/entry_points.txt
[1.411s] writing requirements to ../../build/sdp_bot/sdp_bot.egg-info/requires.txt
[1.411s] writing top-level names to ../../build/sdp_bot/sdp_bot.egg-info/top_level.txt
[1.469s] reading manifest file '../../build/sdp_bot/sdp_bot.egg-info/SOURCES.txt'
[1.470s] adding license file 'LICENSE'
[1.471s] writing manifest file '../../build/sdp_bot/sdp_bot.egg-info/SOURCES.txt'
[1.471s] running build
[1.471s] running build_py
[1.471s] running install
[1.478s] running install_lib
[1.507s] running install_data
[1.507s] copying launch/display.launch.py -> /home/leonciao/Desktop/sdp_bot/install/sdp_bot/share/sdp_bot/launch
[1.508s] running install_egg_info
[1.538s] removing '/home/leonciao/Desktop/sdp_bot/install/sdp_bot/lib/python3.12/site-packages/sdp_bot-0.0.0-py3.12.egg-info' (and everything under it)
[1.539s] Copying ../../build/sdp_bot/sdp_bot.egg-info to /home/leonciao/Desktop/sdp_bot/install/sdp_bot/lib/python3.12/site-packages/sdp_bot-0.0.0-py3.12.egg-info
[1.545s] running install_scripts
[1.725s] Installing control script to /home/leonciao/Desktop/sdp_bot/install/sdp_bot/lib/sdp_bot
[1.726s] writing list of installed files to '/home/leonciao/Desktop/sdp_bot/build/sdp_bot/install.log'
[1.760s] Invoked command in '/home/leonciao/Desktop/sdp_bot/src/sdp_bot' returned '0': DEBUGINFOD_URLS=https://debuginfod.ubuntu.com PYTHONPATH=/home/leonciao/Desktop/sdp_bot/build/sdp_bot/prefix_override:/usr/lib/python3/dist-packages/colcon_core/task/python/colcon_distutils_commands:/home/leonciao/Desktop/sdp_bot/install/sdp_bot/lib/python3.12/site-packages:${PYTHONPATH} /usr/bin/python3 -W ignore:setup.py install is deprecated -W ignore:easy_install command is deprecated setup.py egg_info --egg-base ../../build/sdp_bot build --build-base /home/leonciao/Desktop/sdp_bot/build/sdp_bot/build install --record /home/leonciao/Desktop/sdp_bot/build/sdp_bot/install.log --single-version-externally-managed install_data
