[1.551s] Invoking command in '/home/leonciao/Desktop/sdp_bot/src/sdp_bot': DEBUGINFOD_URLS=https://debuginfod.ubuntu.com PYTHONPATH=/home/leonciao/Desktop/sdp_bot/build/sdp_bot/prefix_override:/usr/lib/python3/dist-packages/colcon_core/task/python/colcon_distutils_commands:/home/leonciao/Desktop/sdp_bot/install/sdp_bot/lib/python3.12/site-packages:${PYTHONPATH} /usr/bin/python3 -W ignore:setup.py install is deprecated -W ignore:easy_install command is deprecated setup.py egg_info --egg-base ../../build/sdp_bot build --build-base /home/leonciao/Desktop/sdp_bot/build/sdp_bot/build install --record /home/leonciao/Desktop/sdp_bot/build/sdp_bot/install.log --single-version-externally-managed install_data
[1.943s] running egg_info
[1.974s] writing ../../build/sdp_bot/sdp_bot.egg-info/PKG-INFO
[1.974s] writing dependency_links to ../../build/sdp_bot/sdp_bot.egg-info/dependency_links.txt
[1.974s] writing entry points to ../../build/sdp_bot/sdp_bot.egg-info/entry_points.txt
[1.975s] writing requirements to ../../build/sdp_bot/sdp_bot.egg-info/requires.txt
[1.975s] writing top-level names to ../../build/sdp_bot/sdp_bot.egg-info/top_level.txt
[2.040s] reading manifest file '../../build/sdp_bot/sdp_bot.egg-info/SOURCES.txt'
[2.040s] adding license file 'LICENSE'
[2.041s] writing manifest file '../../build/sdp_bot/sdp_bot.egg-info/SOURCES.txt'
[2.041s] running build
[2.041s] running build_py
[2.042s] running install
[2.050s] running install_lib
[2.083s] running install_data
[2.083s] copying launch/display3.launch.py -> /home/leonciao/Desktop/sdp_bot/install/sdp_bot/share/sdp_bot/launch
[2.084s] running install_egg_info
[2.117s] removing '/home/leonciao/Desktop/sdp_bot/install/sdp_bot/lib/python3.12/site-packages/sdp_bot-0.0.0-py3.12.egg-info' (and everything under it)
[2.117s] Copying ../../build/sdp_bot/sdp_bot.egg-info to /home/leonciao/Desktop/sdp_bot/install/sdp_bot/lib/python3.12/site-packages/sdp_bot-0.0.0-py3.12.egg-info
[2.119s] running install_scripts
[2.320s] Installing control script to /home/leonciao/Desktop/sdp_bot/install/sdp_bot/lib/sdp_bot
[2.320s] writing list of installed files to '/home/leonciao/Desktop/sdp_bot/build/sdp_bot/install.log'
[2.374s] Invoked command in '/home/leonciao/Desktop/sdp_bot/src/sdp_bot' returned '0': DEBUGINFOD_URLS=https://debuginfod.ubuntu.com PYTHONPATH=/home/leonciao/Desktop/sdp_bot/build/sdp_bot/prefix_override:/usr/lib/python3/dist-packages/colcon_core/task/python/colcon_distutils_commands:/home/leonciao/Desktop/sdp_bot/install/sdp_bot/lib/python3.12/site-packages:${PYTHONPATH} /usr/bin/python3 -W ignore:setup.py install is deprecated -W ignore:easy_install command is deprecated setup.py egg_info --egg-base ../../build/sdp_bot build --build-base /home/leonciao/Desktop/sdp_bot/build/sdp_bot/build install --record /home/leonciao/Desktop/sdp_bot/build/sdp_bot/install.log --single-version-externally-managed install_data
