[0.986s] Invoking command in '/home/leonciao/Desktop/sdp_bot/src/sdp_bot': DEBUGINFOD_URLS=https://debuginfod.ubuntu.com PYTHONPATH=/home/leonciao/Desktop/sdp_bot/build/sdp_bot/prefix_override:/usr/lib/python3/dist-packages/colcon_core/task/python/colcon_distutils_commands:/home/leonciao/Desktop/sdp_bot/install/sdp_bot/lib/python3.12/site-packages:${PYTHONPATH} /usr/bin/python3 -W ignore:setup.py install is deprecated -W ignore:easy_install command is deprecated setup.py egg_info --egg-base ../../build/sdp_bot build --build-base /home/leonciao/Desktop/sdp_bot/build/sdp_bot/build install --record /home/leonciao/Desktop/sdp_bot/build/sdp_bot/install.log --single-version-externally-managed install_data
[1.320s] running egg_info
[1.347s] writing ../../build/sdp_bot/sdp_bot.egg-info/PKG-INFO
[1.347s] writing dependency_links to ../../build/sdp_bot/sdp_bot.egg-info/dependency_links.txt
[1.347s] writing entry points to ../../build/sdp_bot/sdp_bot.egg-info/entry_points.txt
[1.347s] writing requirements to ../../build/sdp_bot/sdp_bot.egg-info/requires.txt
[1.347s] writing top-level names to ../../build/sdp_bot/sdp_bot.egg-info/top_level.txt
[1.402s] reading manifest file '../../build/sdp_bot/sdp_bot.egg-info/SOURCES.txt'
[1.402s] adding license file 'LICENSE'
[1.403s] writing manifest file '../../build/sdp_bot/sdp_bot.egg-info/SOURCES.txt'
[1.403s] running build
[1.403s] running build_py
[1.403s] running install
[1.417s] running install_lib
[1.447s] creating /home/leonciao/Desktop/sdp_bot/install/sdp_bot/lib/python3.12/site-packages/sdp_bot
[1.447s] copying /home/leonciao/Desktop/sdp_bot/build/sdp_bot/build/lib/sdp_bot/control.py -> /home/leonciao/Desktop/sdp_bot/install/sdp_bot/lib/python3.12/site-packages/sdp_bot
[1.447s] copying /home/leonciao/Desktop/sdp_bot/build/sdp_bot/build/lib/sdp_bot/__init__.py -> /home/leonciao/Desktop/sdp_bot/install/sdp_bot/lib/python3.12/site-packages/sdp_bot
[1.448s] byte-compiling /home/leonciao/Desktop/sdp_bot/install/sdp_bot/lib/python3.12/site-packages/sdp_bot/control.py to control.cpython-312.pyc
[1.450s] byte-compiling /home/leonciao/Desktop/sdp_bot/install/sdp_bot/lib/python3.12/site-packages/sdp_bot/__init__.py to __init__.cpython-312.pyc
[1.450s] running install_data
[1.451s] creating /home/leonciao/Desktop/sdp_bot/install/sdp_bot/share/ament_index
[1.451s] creating /home/leonciao/Desktop/sdp_bot/install/sdp_bot/share/ament_index/resource_index
[1.451s] creating /home/leonciao/Desktop/sdp_bot/install/sdp_bot/share/ament_index/resource_index/packages
[1.451s] copying resource/sdp_bot -> /home/leonciao/Desktop/sdp_bot/install/sdp_bot/share/ament_index/resource_index/packages
[1.451s] copying package.xml -> /home/leonciao/Desktop/sdp_bot/install/sdp_bot/share/sdp_bot
[1.452s] creating /home/leonciao/Desktop/sdp_bot/install/sdp_bot/share/sdp_bot/launch
[1.452s] copying launch/display.launch.py -> /home/leonciao/Desktop/sdp_bot/install/sdp_bot/share/sdp_bot/launch
[1.452s] creating /home/leonciao/Desktop/sdp_bot/install/sdp_bot/share/sdp_bot/urdf
[1.452s] copying urdf/sdp_bot.urdf.xacro -> /home/leonciao/Desktop/sdp_bot/install/sdp_bot/share/sdp_bot/urdf
[1.452s] running install_egg_info
[1.481s] Copying ../../build/sdp_bot/sdp_bot.egg-info to /home/leonciao/Desktop/sdp_bot/install/sdp_bot/lib/python3.12/site-packages/sdp_bot-0.0.0-py3.12.egg-info
[1.483s] running install_scripts
[1.664s] Installing control script to /home/leonciao/Desktop/sdp_bot/install/sdp_bot/lib/sdp_bot
[1.664s] writing list of installed files to '/home/leonciao/Desktop/sdp_bot/build/sdp_bot/install.log'
[1.696s] Invoked command in '/home/leonciao/Desktop/sdp_bot/src/sdp_bot' returned '0': DEBUGINFOD_URLS=https://debuginfod.ubuntu.com PYTHONPATH=/home/leonciao/Desktop/sdp_bot/build/sdp_bot/prefix_override:/usr/lib/python3/dist-packages/colcon_core/task/python/colcon_distutils_commands:/home/leonciao/Desktop/sdp_bot/install/sdp_bot/lib/python3.12/site-packages:${PYTHONPATH} /usr/bin/python3 -W ignore:setup.py install is deprecated -W ignore:easy_install command is deprecated setup.py egg_info --egg-base ../../build/sdp_bot build --build-base /home/leonciao/Desktop/sdp_bot/build/sdp_bot/build install --record /home/leonciao/Desktop/sdp_bot/build/sdp_bot/install.log --single-version-externally-managed install_data
