[1.279s] Invoking command in '/home/leonciao/Desktop/sdp_bot/src/sdp_bot': DEBUGINFOD_URLS=https://debuginfod.ubuntu.com PYTHONPATH=/home/leonciao/Desktop/sdp_bot/build/sdp_bot/prefix_override:/usr/lib/python3/dist-packages/colcon_core/task/python/colcon_distutils_commands:/home/leonciao/Desktop/sdp_bot/install/sdp_bot/lib/python3.12/site-packages:${PYTHONPATH} /usr/bin/python3 -W ignore:setup.py install is deprecated -W ignore:easy_install command is deprecated setup.py egg_info --egg-base ../../build/sdp_bot build --build-base /home/leonciao/Desktop/sdp_bot/build/sdp_bot/build install --record /home/leonciao/Desktop/sdp_bot/build/sdp_bot/install.log --single-version-externally-managed install_data
[1.640s] running egg_info
[1.669s] writing ../../build/sdp_bot/sdp_bot.egg-info/PKG-INFO
[1.669s] writing dependency_links to ../../build/sdp_bot/sdp_bot.egg-info/dependency_links.txt
[1.669s] writing entry points to ../../build/sdp_bot/sdp_bot.egg-info/entry_points.txt
[1.669s] writing top-level names to ../../build/sdp_bot/sdp_bot.egg-info/top_level.txt
[1.728s] reading manifest file '../../build/sdp_bot/sdp_bot.egg-info/SOURCES.txt'
[1.728s] adding license file 'LICENSE'
[1.729s] writing manifest file '../../build/sdp_bot/sdp_bot.egg-info/SOURCES.txt'
[1.729s] running build
[1.729s] running build_py
[1.730s] running install
[1.738s] running install_lib
[1.767s] running install_data
[1.767s] copying urdf/all_bot.sdf -> /home/leonciao/Desktop/sdp_bot/install/sdp_bot/share/sdp_bot/urdf
[1.767s] running install_egg_info
[1.798s] removing '/home/leonciao/Desktop/sdp_bot/install/sdp_bot/lib/python3.12/site-packages/sdp_bot-0.0.0-py3.12.egg-info' (and everything under it)
[1.798s] Copying ../../build/sdp_bot/sdp_bot.egg-info to /home/leonciao/Desktop/sdp_bot/install/sdp_bot/lib/python3.12/site-packages/sdp_bot-0.0.0-py3.12.egg-info
[1.799s] running install_scripts
[1.985s] Installing bno055 script to /home/leonciao/Desktop/sdp_bot/install/sdp_bot/lib/sdp_bot
[1.985s] Installing control script to /home/leonciao/Desktop/sdp_bot/install/sdp_bot/lib/sdp_bot
[1.985s] writing list of installed files to '/home/leonciao/Desktop/sdp_bot/build/sdp_bot/install.log'
[2.024s] Invoked command in '/home/leonciao/Desktop/sdp_bot/src/sdp_bot' returned '0': DEBUGINFOD_URLS=https://debuginfod.ubuntu.com PYTHONPATH=/home/leonciao/Desktop/sdp_bot/build/sdp_bot/prefix_override:/usr/lib/python3/dist-packages/colcon_core/task/python/colcon_distutils_commands:/home/leonciao/Desktop/sdp_bot/install/sdp_bot/lib/python3.12/site-packages:${PYTHONPATH} /usr/bin/python3 -W ignore:setup.py install is deprecated -W ignore:easy_install command is deprecated setup.py egg_info --egg-base ../../build/sdp_bot build --build-base /home/leonciao/Desktop/sdp_bot/build/sdp_bot/build install --record /home/leonciao/Desktop/sdp_bot/build/sdp_bot/install.log --single-version-externally-managed install_data
