[0.918s] Invoking command in '/home/leonciao/Desktop/sdp_bot/src/sdp_bot': DEBUGINFOD_URLS=https://debuginfod.ubuntu.com PYTHONPATH=/home/leonciao/Desktop/sdp_bot/build/sdp_bot/prefix_override:/usr/lib/python3/dist-packages/colcon_core/task/python/colcon_distutils_commands:/home/leonciao/Desktop/sdp_bot/install/sdp_bot/lib/python3.12/site-packages:${PYTHONPATH} /usr/bin/python3 -W ignore:setup.py install is deprecated -W ignore:easy_install command is deprecated setup.py egg_info --egg-base ../../build/sdp_bot build --build-base /home/leonciao/Desktop/sdp_bot/build/sdp_bot/build install --record /home/leonciao/Desktop/sdp_bot/build/sdp_bot/install.log --single-version-externally-managed install_data
[1.233s] running egg_info
[1.233s] creating ../../build/sdp_bot/sdp_bot.egg-info
[1.258s] writing ../../build/sdp_bot/sdp_bot.egg-info/PKG-INFO
[1.258s] writing dependency_links to ../../build/sdp_bot/sdp_bot.egg-info/dependency_links.txt
[1.258s] writing entry points to ../../build/sdp_bot/sdp_bot.egg-info/entry_points.txt
[1.258s] writing requirements to ../../build/sdp_bot/sdp_bot.egg-info/requires.txt
[1.258s] writing top-level names to ../../build/sdp_bot/sdp_bot.egg-info/top_level.txt
[1.258s] writing manifest file '../../build/sdp_bot/sdp_bot.egg-info/SOURCES.txt'
[1.311s] reading manifest file '../../build/sdp_bot/sdp_bot.egg-info/SOURCES.txt'
[1.311s] adding license file 'LICENSE'
[1.311s] writing manifest file '../../build/sdp_bot/sdp_bot.egg-info/SOURCES.txt'
[1.311s] running build
[1.312s] running build_py
[1.312s] creating /home/leonciao/Desktop/sdp_bot/build/sdp_bot/build
[1.312s] creating /home/leonciao/Desktop/sdp_bot/build/sdp_bot/build/lib
[1.312s] creating /home/leonciao/Desktop/sdp_bot/build/sdp_bot/build/lib/sdp_bot
[1.312s] copying sdp_bot/control.py -> /home/leonciao/Desktop/sdp_bot/build/sdp_bot/build/lib/sdp_bot
[1.312s] copying sdp_bot/__init__.py -> /home/leonciao/Desktop/sdp_bot/build/sdp_bot/build/lib/sdp_bot
[1.312s] running install
[1.319s] running install_lib
[1.347s] creating /home/leonciao/Desktop/sdp_bot/install/sdp_bot/lib/python3.12/site-packages/sdp_bot
[1.347s] copying /home/leonciao/Desktop/sdp_bot/build/sdp_bot/build/lib/sdp_bot/control.py -> /home/leonciao/Desktop/sdp_bot/install/sdp_bot/lib/python3.12/site-packages/sdp_bot
[1.347s] copying /home/leonciao/Desktop/sdp_bot/build/sdp_bot/build/lib/sdp_bot/__init__.py -> /home/leonciao/Desktop/sdp_bot/install/sdp_bot/lib/python3.12/site-packages/sdp_bot
[1.348s] byte-compiling /home/leonciao/Desktop/sdp_bot/install/sdp_bot/lib/python3.12/site-packages/sdp_bot/control.py to control.cpython-312.pyc
[1.350s] byte-compiling /home/leonciao/Desktop/sdp_bot/install/sdp_bot/lib/python3.12/site-packages/sdp_bot/__init__.py to __init__.cpython-312.pyc
[1.350s] running install_data
[1.350s] creating /home/leonciao/Desktop/sdp_bot/install/sdp_bot/share/ament_index
[1.350s] creating /home/leonciao/Desktop/sdp_bot/install/sdp_bot/share/ament_index/resource_index
[1.350s] creating /home/leonciao/Desktop/sdp_bot/install/sdp_bot/share/ament_index/resource_index/packages
[1.350s] copying resource/sdp_bot -> /home/leonciao/Desktop/sdp_bot/install/sdp_bot/share/ament_index/resource_index/packages
[1.351s] error: can't copy 'launch/display.launch.py': doesn't exist or not a regular file
[1.351s] copying package.xml -> /home/leonciao/Desktop/sdp_bot/install/sdp_bot/share/sdp_bot
[1.351s] creating /home/leonciao/Desktop/sdp_bot/install/sdp_bot/share/sdp_bot/launch
[1.370s] Invoked command in '/home/leonciao/Desktop/sdp_bot/src/sdp_bot' returned '1': DEBUGINFOD_URLS=https://debuginfod.ubuntu.com PYTHONPATH=/home/leonciao/Desktop/sdp_bot/build/sdp_bot/prefix_override:/usr/lib/python3/dist-packages/colcon_core/task/python/colcon_distutils_commands:/home/leonciao/Desktop/sdp_bot/install/sdp_bot/lib/python3.12/site-packages:${PYTHONPATH} /usr/bin/python3 -W ignore:setup.py install is deprecated -W ignore:easy_install command is deprecated setup.py egg_info --egg-base ../../build/sdp_bot build --build-base /home/leonciao/Desktop/sdp_bot/build/sdp_bot/build install --record /home/leonciao/Desktop/sdp_bot/build/sdp_bot/install.log --single-version-externally-managed install_data
