[0.938s] Invoking command in '/home/leonciao/Desktop/sdp_bot/src/fix_motor_control': DEBUGINFOD_URLS=https://debuginfod.ubuntu.com PYTHONPATH=/home/leonciao/Desktop/sdp_bot/build/fix_motor_control/prefix_override:/usr/lib/python3/dist-packages/colcon_core/task/python/colcon_distutils_commands:/home/leonciao/Desktop/sdp_bot/install/fix_motor_control/lib/python3.12/site-packages:${PYTHONPATH} /usr/bin/python3 -W ignore:setup.py install is deprecated -W ignore:easy_install command is deprecated setup.py egg_info --egg-base ../../build/fix_motor_control build --build-base /home/leonciao/Desktop/sdp_bot/build/fix_motor_control/build install --record /home/leonciao/Desktop/sdp_bot/build/fix_motor_control/install.log --single-version-externally-managed install_data
[1.255s] running egg_info
[1.281s] writing ../../build/fix_motor_control/fix_motor_control.egg-info/PKG-INFO
[1.281s] writing dependency_links to ../../build/fix_motor_control/fix_motor_control.egg-info/dependency_links.txt
[1.281s] writing entry points to ../../build/fix_motor_control/fix_motor_control.egg-info/entry_points.txt
[1.281s] writing requirements to ../../build/fix_motor_control/fix_motor_control.egg-info/requires.txt
[1.281s] writing top-level names to ../../build/fix_motor_control/fix_motor_control.egg-info/top_level.txt
[1.335s] reading manifest file '../../build/fix_motor_control/fix_motor_control.egg-info/SOURCES.txt'
[1.335s] adding license file 'LICENSE'
[1.335s] writing manifest file '../../build/fix_motor_control/fix_motor_control.egg-info/SOURCES.txt'
[1.336s] running build
[1.336s] running build_py
[1.336s] running install
[1.343s] running install_lib
[1.369s] running install_data
[1.370s] creating /home/leonciao/Desktop/sdp_bot/install/fix_motor_control/share/fix_motor_control/launch
[1.370s] copying launch/display.launch.py -> /home/leonciao/Desktop/sdp_bot/install/fix_motor_control/share/fix_motor_control/launch
[1.370s] running install_egg_info
[1.396s] removing '/home/leonciao/Desktop/sdp_bot/install/fix_motor_control/lib/python3.12/site-packages/fix_motor_control-0.0.0-py3.12.egg-info' (and everything under it)
[1.396s] Copying ../../build/fix_motor_control/fix_motor_control.egg-info to /home/leonciao/Desktop/sdp_bot/install/fix_motor_control/lib/python3.12/site-packages/fix_motor_control-0.0.0-py3.12.egg-info
[1.398s] running install_scripts
[1.574s] Installing fix_motor_control script to /home/leonciao/Desktop/sdp_bot/install/fix_motor_control/lib/fix_motor_control
[1.575s] writing list of installed files to '/home/leonciao/Desktop/sdp_bot/build/fix_motor_control/install.log'
[1.607s] Invoked command in '/home/leonciao/Desktop/sdp_bot/src/fix_motor_control' returned '0': DEBUGINFOD_URLS=https://debuginfod.ubuntu.com PYTHONPATH=/home/leonciao/Desktop/sdp_bot/build/fix_motor_control/prefix_override:/usr/lib/python3/dist-packages/colcon_core/task/python/colcon_distutils_commands:/home/leonciao/Desktop/sdp_bot/install/fix_motor_control/lib/python3.12/site-packages:${PYTHONPATH} /usr/bin/python3 -W ignore:setup.py install is deprecated -W ignore:easy_install command is deprecated setup.py egg_info --egg-base ../../build/fix_motor_control build --build-base /home/leonciao/Desktop/sdp_bot/build/fix_motor_control/build install --record /home/leonciao/Desktop/sdp_bot/build/fix_motor_control/install.log --single-version-externally-managed install_data
